CRITICAL - 2026-03-26 07:14:51 --> Call to undefined method App\Controllers\Cadastros::listarExperienciaDoCargo()
in APPPATH\Controllers\Cadastros.php on line 104.
 1 SYSTEMPATH\CodeIgniter.php(934): App\Controllers\Cadastros->dadosCandidato('23', '16', '2472')
 2 SYSTEMPATH\CodeIgniter.php(499): CodeIgniter\CodeIgniter->runController(Object(App\Controllers\Cadastros))
 3 SYSTEMPATH\CodeIgniter.php(368): CodeIgniter\CodeIgniter->handleRequest(null, Object(Config\Cache), false)
 4 FCPATH\index.php(67): CodeIgniter\CodeIgniter->run()
CRITICAL - 2026-03-26 07:16:43 --> Undefined property: App\Controllers\Cadastros::$experiencias
in APPPATH\Controllers\Cadastros.php on line 104.
 1 APPPATH\Controllers\Cadastros.php(104): CodeIgniter\Debug\Exceptions->errorHandler(2, 'Undefined property: App\\Controllers\\Cadastros::$experiencias', 'APPPATH\\Controllers\\Cadastros.php', 104)
 2 SYSTEMPATH\CodeIgniter.php(934): App\Controllers\Cadastros->dadosCandidato('23', '16', '2472')
 3 SYSTEMPATH\CodeIgniter.php(499): CodeIgniter\CodeIgniter->runController(Object(App\Controllers\Cadastros))
 4 SYSTEMPATH\CodeIgniter.php(368): CodeIgniter\CodeIgniter->handleRequest(null, Object(Config\Cache), false)
 5 FCPATH\index.php(67): CodeIgniter\CodeIgniter->run()
ERROR - 2026-03-26 07:18:07 --> mysqli_sql_exception: Unknown column 'tb_cargos.ds_tipo_campo' in 'field list' in C:\laragon\www\servicos\procseletivos\system\Database\MySQLi\Connection.php:295
Stack trace:
#0 C:\laragon\www\servicos\procseletivos\system\Database\MySQLi\Connection.php(295): mysqli->query('SELECT `tb_carg...', 0)
#1 C:\laragon\www\servicos\procseletivos\system\Database\BaseConnection.php(691): CodeIgniter\Database\MySQLi\Connection->execute('SELECT `tb_carg...')
#2 C:\laragon\www\servicos\procseletivos\system\Database\BaseConnection.php(605): CodeIgniter\Database\BaseConnection->simpleQuery('SELECT `tb_carg...')
#3 C:\laragon\www\servicos\procseletivos\system\Database\BaseBuilder.php(1602): CodeIgniter\Database\BaseConnection->query('SELECT `tb_carg...', Array, false)
#4 C:\laragon\www\servicos\procseletivos\app\Models\ExperienciasModel.php(42): CodeIgniter\Database\BaseBuilder->get()
#5 C:\laragon\www\servicos\procseletivos\app\Controllers\Cadastros.php(104): App\Models\ExperienciasModel->listarExperienciaDoCargo('23', '16')
#6 C:\laragon\www\servicos\procseletivos\system\CodeIgniter.php(934): App\Controllers\Cadastros->dadosCandidato('23', '16', '2472')
#7 C:\laragon\www\servicos\procseletivos\system\CodeIgniter.php(499): CodeIgniter\CodeIgniter->runController(Object(App\Controllers\Cadastros))
#8 C:\laragon\www\servicos\procseletivos\system\CodeIgniter.php(368): CodeIgniter\CodeIgniter->handleRequest(NULL, Object(Config\Cache), false)
#9 C:\laragon\www\servicos\procseletivos\index.php(67): CodeIgniter\CodeIgniter->run()
#10 {main}
CRITICAL - 2026-03-26 07:18:07 --> Unknown column 'tb_cargos.ds_tipo_campo' in 'field list'
in SYSTEMPATH\Database\BaseConnection.php on line 645.
 1 SYSTEMPATH\Database\BaseBuilder.php(1602): CodeIgniter\Database\BaseConnection->query('SELECT `tb_cargos_experiencias_editais`.`fk_id_edital`, `tb_cargos_experiencias_editais`.`fk_id_cargo`, `tb_cargos_experiencias_editais`.`fk_id_experiencia`, `tb_experiencias`.`ds_nome_experiencia`, `tb_cargos_experiencias_editais`.`ds_tipo_campo`, `tb_cargos`.`ds_nome_cargo`, `tb_cargos`.`ds_tipo_campo`, `tb_cargos_experiencias_editais`.`ds_quantidade_minima`, `tb_cargos_experiencias_editais`.`ds_quantidade_maxima`, `tb_experiencias`.`ds_tipo_experiencia`, `tb_cargos_experiencias_editais`.`ds_obrigatorio`, `tb_cargos_experiencias_editais`.`ds_multiplicador`
FROM `tb_cargos_experiencias_editais`
JOIN `tb_experiencias` ON `tb_experiencias`.`pk_id_experiencia` = `tb_cargos_experiencias_editais`.`fk_id_experiencia`
JOIN `tb_cargos` ON `tb_cargos`.`pk_id_cargo` = `tb_cargos_experiencias_editais`.`fk_id_cargo`
WHERE `tb_cargos`.`pk_id_cargo` = :tb_cargos.pk_id_cargo:
AND `tb_cargos_experiencias_editais`.`fk_id_edital` = :tb_cargos_experiencias_editais.fk_id_edital:
ORDER BY `tb_cargos_experiencias_editais`.`ds_tipo_campo` ASC, `tb_experiencias`.`ds_tipo_experiencia` ASC', [...], false)
 2 APPPATH\Models\ExperienciasModel.php(42): CodeIgniter\Database\BaseBuilder->get()
 3 APPPATH\Controllers\Cadastros.php(104): App\Models\ExperienciasModel->listarExperienciaDoCargo('23', '16')
 4 SYSTEMPATH\CodeIgniter.php(934): App\Controllers\Cadastros->dadosCandidato('23', '16', '2472')
 5 SYSTEMPATH\CodeIgniter.php(499): CodeIgniter\CodeIgniter->runController(Object(App\Controllers\Cadastros))
 6 SYSTEMPATH\CodeIgniter.php(368): CodeIgniter\CodeIgniter->handleRequest(null, Object(Config\Cache), false)
 7 FCPATH\index.php(67): CodeIgniter\CodeIgniter->run()
CRITICAL - 2026-03-26 07:22:01 --> Class "App\Controllers\EscolaridadesModel" not found
in APPPATH\Controllers\Cadastros.php on line 106.
 1 SYSTEMPATH\CodeIgniter.php(934): App\Controllers\Cadastros->dadosCandidato('23', '16', '2472')
 2 SYSTEMPATH\CodeIgniter.php(499): CodeIgniter\CodeIgniter->runController(Object(App\Controllers\Cadastros))
 3 SYSTEMPATH\CodeIgniter.php(368): CodeIgniter\CodeIgniter->handleRequest(null, Object(Config\Cache), false)
 4 FCPATH\index.php(67): CodeIgniter\CodeIgniter->run()
CRITICAL - 2026-03-26 07:23:43 --> Class "App\Controllers\EscolaridadesModel" not found
in APPPATH\Controllers\Cadastros.php on line 106.
 1 SYSTEMPATH\CodeIgniter.php(934): App\Controllers\Cadastros->dadosCandidato('23', '16', '2472')
 2 SYSTEMPATH\CodeIgniter.php(499): CodeIgniter\CodeIgniter->runController(Object(App\Controllers\Cadastros))
 3 SYSTEMPATH\CodeIgniter.php(368): CodeIgniter\CodeIgniter->handleRequest(null, Object(Config\Cache), false)
 4 FCPATH\index.php(67): CodeIgniter\CodeIgniter->run()
CRITICAL - 2026-03-26 07:24:21 --> Undefined variable $idEdital
in APPPATH\Controllers\Cadastros.php on line 108.
 1 APPPATH\Controllers\Cadastros.php(108): CodeIgniter\Debug\Exceptions->errorHandler(2, 'Undefined variable $idEdital', 'APPPATH\\Controllers\\Cadastros.php', 108)
 2 SYSTEMPATH\CodeIgniter.php(934): App\Controllers\Cadastros->dadosCandidato('23', '16', '2472')
 3 SYSTEMPATH\CodeIgniter.php(499): CodeIgniter\CodeIgniter->runController(Object(App\Controllers\Cadastros))
 4 SYSTEMPATH\CodeIgniter.php(368): CodeIgniter\CodeIgniter->handleRequest(null, Object(Config\Cache), false)
 5 FCPATH\index.php(67): CodeIgniter\CodeIgniter->run()
CRITICAL - 2026-03-26 07:24:56 --> Call to undefined method App\Models\EscolaridadesModel::getEscolaridadesObrigatórias
in SYSTEMPATH\Model.php on line 841.
 1 APPPATH\Controllers\Cadastros.php(108): CodeIgniter\Model->__call('getEscolaridadesObrigatórias', [...])
 2 SYSTEMPATH\CodeIgniter.php(934): App\Controllers\Cadastros->dadosCandidato('23', '16', '2472')
 3 SYSTEMPATH\CodeIgniter.php(499): CodeIgniter\CodeIgniter->runController(Object(App\Controllers\Cadastros))
 4 SYSTEMPATH\CodeIgniter.php(368): CodeIgniter\CodeIgniter->handleRequest(null, Object(Config\Cache), false)
 5 FCPATH\index.php(67): CodeIgniter\CodeIgniter->run()
CRITICAL - 2026-03-26 07:33:52 --> Undefined property: App\Controllers\Cadastros::$escolaridades
in APPPATH\Controllers\Cadastros.php on line 109.
 1 APPPATH\Controllers\Cadastros.php(109): CodeIgniter\Debug\Exceptions->errorHandler(2, 'Undefined property: App\\Controllers\\Cadastros::$escolaridades', 'APPPATH\\Controllers\\Cadastros.php', 109)
 2 SYSTEMPATH\CodeIgniter.php(934): App\Controllers\Cadastros->dadosCandidato('23', '16', '2472')
 3 SYSTEMPATH\CodeIgniter.php(499): CodeIgniter\CodeIgniter->runController(Object(App\Controllers\Cadastros))
 4 SYSTEMPATH\CodeIgniter.php(368): CodeIgniter\CodeIgniter->handleRequest(null, Object(Config\Cache), false)
 5 FCPATH\index.php(67): CodeIgniter\CodeIgniter->run()
CRITICAL - 2026-03-26 08:10:53 --> Class "App\Controllers\AperfeicoamentosModel" not found
in APPPATH\Controllers\Cadastros.php on line 111.
 1 SYSTEMPATH\CodeIgniter.php(934): App\Controllers\Cadastros->dadosCandidato('23', '16', '2472')
 2 SYSTEMPATH\CodeIgniter.php(499): CodeIgniter\CodeIgniter->runController(Object(App\Controllers\Cadastros))
 3 SYSTEMPATH\CodeIgniter.php(368): CodeIgniter\CodeIgniter->handleRequest(null, Object(Config\Cache), false)
 4 FCPATH\index.php(67): CodeIgniter\CodeIgniter->run()
CRITICAL - 2026-03-26 08:14:53 --> Class "App\Controllers\AperfeicoamentosModel" not found
in APPPATH\Controllers\Cadastros.php on line 112.
 1 SYSTEMPATH\CodeIgniter.php(934): App\Controllers\Cadastros->dadosCandidato('23', '16', '2472')
 2 SYSTEMPATH\CodeIgniter.php(499): CodeIgniter\CodeIgniter->runController(Object(App\Controllers\Cadastros))
 3 SYSTEMPATH\CodeIgniter.php(368): CodeIgniter\CodeIgniter->handleRequest(null, Object(Config\Cache), false)
 4 FCPATH\index.php(67): CodeIgniter\CodeIgniter->run()
ERROR - 2026-03-26 08:15:09 --> mysqli_sql_exception: Table 'bd_processos_seletivos_administracao.tb_cargos_cursos_editais' doesn't exist in C:\laragon\www\servicos\procseletivos\system\Database\MySQLi\Connection.php:295
Stack trace:
#0 C:\laragon\www\servicos\procseletivos\system\Database\MySQLi\Connection.php(295): mysqli->query('SELECT `tb_carg...', 0)
#1 C:\laragon\www\servicos\procseletivos\system\Database\BaseConnection.php(691): CodeIgniter\Database\MySQLi\Connection->execute('SELECT `tb_carg...')
#2 C:\laragon\www\servicos\procseletivos\system\Database\BaseConnection.php(605): CodeIgniter\Database\BaseConnection->simpleQuery('SELECT `tb_carg...')
#3 C:\laragon\www\servicos\procseletivos\system\Database\BaseBuilder.php(1602): CodeIgniter\Database\BaseConnection->query('SELECT `tb_carg...', Array, false)
#4 C:\laragon\www\servicos\procseletivos\app\Models\AperfeicoamentosModel.php(41): CodeIgniter\Database\BaseBuilder->get()
#5 C:\laragon\www\servicos\procseletivos\app\Controllers\Cadastros.php(113): App\Models\AperfeicoamentosModel->listarStatusAperfeicoamentos('23', '16', '1')
#6 C:\laragon\www\servicos\procseletivos\system\CodeIgniter.php(934): App\Controllers\Cadastros->dadosCandidato('23', '16', '2472')
#7 C:\laragon\www\servicos\procseletivos\system\CodeIgniter.php(499): CodeIgniter\CodeIgniter->runController(Object(App\Controllers\Cadastros))
#8 C:\laragon\www\servicos\procseletivos\system\CodeIgniter.php(368): CodeIgniter\CodeIgniter->handleRequest(NULL, Object(Config\Cache), false)
#9 C:\laragon\www\servicos\procseletivos\index.php(67): CodeIgniter\CodeIgniter->run()
#10 {main}
CRITICAL - 2026-03-26 08:15:09 --> Table 'bd_processos_seletivos_administracao.tb_cargos_cursos_editais' doesn't exist
in SYSTEMPATH\Database\BaseConnection.php on line 645.
 1 SYSTEMPATH\Database\BaseBuilder.php(1602): CodeIgniter\Database\BaseConnection->query('SELECT `tb_cargos_cursos_editais`.`fk_id_edital`, `tb_cargos`.`pk_id_cargo`, `tb_cargos_cursos_editais`.`fk_id_curso`, `tb_cursos_aperfeicoamentos`.`ds_nome_curso`, `tb_cargos_cursos_editais`.`ds_obrigatorio`, `tb_cargos_cursos_editais`.`ds_tipo_campo`, `tb_cargos_cursos_editais`.`ds_pontuacao_minima`, `tb_cargos_cursos_editais`.`ds_pontuacao_maxima`
FROM `tb_cargos_cursos_editais`
JOIN `tb_cursos_aperfeicoamentos` ON `tb_cargos_cursos_editais`.`fk_id_curso` = `tb_cursos_aperfeicoamentos`.`pk_id_curso`
JOIN `tb_cargos` ON `tb_cargos_cursos_editais`.`fk_id_cargo` = `tb_cargos`.`pk_id_cargo`
WHERE `tb_cargos`.`pk_id_cargo` = :tb_cargos.pk_id_cargo:
AND `tb_cargos_cursos_editais`.`fk_id_edital` = :tb_cargos_cursos_editais.fk_id_edital:
AND `tb_cargos_cursos_editais`.`ds_obrigatorio` = :tb_cargos_cursos_editais.ds_obrigatorio:', [...], false)
 2 APPPATH\Models\AperfeicoamentosModel.php(41): CodeIgniter\Database\BaseBuilder->get()
 3 APPPATH\Controllers\Cadastros.php(113): App\Models\AperfeicoamentosModel->listarStatusAperfeicoamentos('23', '16', '1')
 4 SYSTEMPATH\CodeIgniter.php(934): App\Controllers\Cadastros->dadosCandidato('23', '16', '2472')
 5 SYSTEMPATH\CodeIgniter.php(499): CodeIgniter\CodeIgniter->runController(Object(App\Controllers\Cadastros))
 6 SYSTEMPATH\CodeIgniter.php(368): CodeIgniter\CodeIgniter->handleRequest(null, Object(Config\Cache), false)
 7 FCPATH\index.php(67): CodeIgniter\CodeIgniter->run()
CRITICAL - 2026-03-26 08:44:20 --> Undefined variable $acao
in APPPATH\Views\pages\FormularioPessoais_view.php on line 364.
 1 APPPATH\Views\pages\FormularioPessoais_view.php(364): CodeIgniter\Debug\Exceptions->errorHandler(2, 'Undefined variable $acao', 'APPPATH\\Views\\pages\\FormularioPessoais_view.php', 364)
 2 SYSTEMPATH\View\View.php(213): include('APPPATH\\Views\\pages\\FormularioPessoais_view.php')
 3 SYSTEMPATH\View\View.php(216): CodeIgniter\View\View->CodeIgniter\View\{closure}()
 4 SYSTEMPATH\Common.php(1177): CodeIgniter\View\View->render('/pages/FormularioPessoais_view', [], true)
 5 APPPATH\Views\layoutLogado.php(3): view('/pages/FormularioPessoais_view')
 6 SYSTEMPATH\View\View.php(213): include('APPPATH\\Views\\layoutLogado.php')
 7 SYSTEMPATH\View\View.php(216): CodeIgniter\View\View->CodeIgniter\View\{closure}()
 8 SYSTEMPATH\Common.php(1177): CodeIgniter\View\View->render('layoutLogado', [], true)
 9 APPPATH\Controllers\Cadastros.php(192): view('layoutLogado', [...])
10 SYSTEMPATH\CodeIgniter.php(934): App\Controllers\Cadastros->dadosCandidato('23', '16', '2472')
11 SYSTEMPATH\CodeIgniter.php(499): CodeIgniter\CodeIgniter->runController(Object(App\Controllers\Cadastros))
12 SYSTEMPATH\CodeIgniter.php(368): CodeIgniter\CodeIgniter->handleRequest(null, Object(Config\Cache), false)
13 FCPATH\index.php(67): CodeIgniter\CodeIgniter->run()
CRITICAL - 2026-03-26 08:44:32 --> Undefined variable $acaoCandidato
in APPPATH\Views\pages\FormularioPessoais_view.php on line 16.
 1 APPPATH\Views\pages\FormularioPessoais_view.php(16): CodeIgniter\Debug\Exceptions->errorHandler(2, 'Undefined variable $acaoCandidato', 'APPPATH\\Views\\pages\\FormularioPessoais_view.php', 16)
 2 SYSTEMPATH\View\View.php(213): include('APPPATH\\Views\\pages\\FormularioPessoais_view.php')
 3 SYSTEMPATH\View\View.php(216): CodeIgniter\View\View->CodeIgniter\View\{closure}()
 4 SYSTEMPATH\Common.php(1177): CodeIgniter\View\View->render('/pages/FormularioPessoais_view', [], true)
 5 APPPATH\Views\layoutLogado.php(3): view('/pages/FormularioPessoais_view')
 6 SYSTEMPATH\View\View.php(213): include('APPPATH\\Views\\layoutLogado.php')
 7 SYSTEMPATH\View\View.php(216): CodeIgniter\View\View->CodeIgniter\View\{closure}()
 8 SYSTEMPATH\Common.php(1177): CodeIgniter\View\View->render('layoutLogado', [], true)
 9 APPPATH\Controllers\Cadastros.php(192): view('layoutLogado', [...])
10 SYSTEMPATH\CodeIgniter.php(934): App\Controllers\Cadastros->dadosCandidato('23', '16', '2472')
11 SYSTEMPATH\CodeIgniter.php(499): CodeIgniter\CodeIgniter->runController(Object(App\Controllers\Cadastros))
12 SYSTEMPATH\CodeIgniter.php(368): CodeIgniter\CodeIgniter->handleRequest(null, Object(Config\Cache), false)
13 FCPATH\index.php(67): CodeIgniter\CodeIgniter->run()
CRITICAL - 2026-03-26 09:43:01 --> Class "App\Models\CursosModel" not found
in APPPATH\Controllers\Cadastros.php on line 225.
 1 SYSTEMPATH\CodeIgniter.php(934): App\Controllers\Cadastros->dadosClassificatorios('23', '16', '2472')
 2 SYSTEMPATH\CodeIgniter.php(499): CodeIgniter\CodeIgniter->runController(Object(App\Controllers\Cadastros))
 3 SYSTEMPATH\CodeIgniter.php(368): CodeIgniter\CodeIgniter->handleRequest(null, Object(Config\Cache), false)
 4 FCPATH\index.php(67): CodeIgniter\CodeIgniter->run()
ERROR - 2026-03-26 09:47:27 --> mysqli_sql_exception: Table 'bd_processos_seletivos_administracao.tb_dados_academicos' doesn't exist in C:\laragon\www\servicos\procseletivos\system\Database\MySQLi\Connection.php:295
Stack trace:
#0 C:\laragon\www\servicos\procseletivos\system\Database\MySQLi\Connection.php(295): mysqli->query('SELECT *\nFROM `...', 0)
#1 C:\laragon\www\servicos\procseletivos\system\Database\BaseConnection.php(691): CodeIgniter\Database\MySQLi\Connection->execute('SELECT *\nFROM `...')
#2 C:\laragon\www\servicos\procseletivos\system\Database\BaseConnection.php(605): CodeIgniter\Database\BaseConnection->simpleQuery('SELECT *\nFROM `...')
#3 C:\laragon\www\servicos\procseletivos\system\Database\BaseBuilder.php(1602): CodeIgniter\Database\BaseConnection->query('SELECT *\nFROM `...', Array, false)
#4 C:\laragon\www\servicos\procseletivos\system\Model.php(267): CodeIgniter\Database\BaseBuilder->get()
#5 C:\laragon\www\servicos\procseletivos\system\BaseModel.php(656): CodeIgniter\Model->doFirst()
#6 C:\laragon\www\servicos\procseletivos\app\Controllers\Cadastros.php(234): CodeIgniter\BaseModel->first()
#7 C:\laragon\www\servicos\procseletivos\system\CodeIgniter.php(934): App\Controllers\Cadastros->dadosClassificatorios('23', '16', '2472')
#8 C:\laragon\www\servicos\procseletivos\system\CodeIgniter.php(499): CodeIgniter\CodeIgniter->runController(Object(App\Controllers\Cadastros))
#9 C:\laragon\www\servicos\procseletivos\system\CodeIgniter.php(368): CodeIgniter\CodeIgniter->handleRequest(NULL, Object(Config\Cache), false)
#10 C:\laragon\www\servicos\procseletivos\index.php(67): CodeIgniter\CodeIgniter->run()
#11 {main}
CRITICAL - 2026-03-26 09:47:27 --> Table 'bd_processos_seletivos_administracao.tb_dados_academicos' doesn't exist
in SYSTEMPATH\Database\BaseConnection.php on line 645.
 1 SYSTEMPATH\Database\BaseBuilder.php(1602): CodeIgniter\Database\BaseConnection->query('SELECT *
FROM `tb_dados_academicos`
WHERE `pk_id_cadastrado` = :pk_id_cadastrado:
 LIMIT 1', [...], false)
 2 SYSTEMPATH\Model.php(267): CodeIgniter\Database\BaseBuilder->get()
 3 SYSTEMPATH\BaseModel.php(656): CodeIgniter\Model->doFirst()
 4 APPPATH\Controllers\Cadastros.php(234): CodeIgniter\BaseModel->first()
 5 SYSTEMPATH\CodeIgniter.php(934): App\Controllers\Cadastros->dadosClassificatorios('23', '16', '2472')
 6 SYSTEMPATH\CodeIgniter.php(499): CodeIgniter\CodeIgniter->runController(Object(App\Controllers\Cadastros))
 7 SYSTEMPATH\CodeIgniter.php(368): CodeIgniter\CodeIgniter->handleRequest(null, Object(Config\Cache), false)
 8 FCPATH\index.php(67): CodeIgniter\CodeIgniter->run()
CRITICAL - 2026-03-26 09:48:45 --> Undefined variable $dadosCandidatos
in APPPATH\Controllers\Cadastros.php on line 228.
 1 APPPATH\Controllers\Cadastros.php(228): CodeIgniter\Debug\Exceptions->errorHandler(2, 'Undefined variable $dadosCandidatos', 'APPPATH\\Controllers\\Cadastros.php', 228)
 2 SYSTEMPATH\CodeIgniter.php(934): App\Controllers\Cadastros->dadosClassificatorios('23', '16', '2472')
 3 SYSTEMPATH\CodeIgniter.php(499): CodeIgniter\CodeIgniter->runController(Object(App\Controllers\Cadastros))
 4 SYSTEMPATH\CodeIgniter.php(368): CodeIgniter\CodeIgniter->handleRequest(null, Object(Config\Cache), false)
 5 FCPATH\index.php(67): CodeIgniter\CodeIgniter->run()
CRITICAL - 2026-03-26 09:49:33 --> Undefined variable $dadosAcademicos
in APPPATH\Controllers\Cadastros.php on line 231.
 1 APPPATH\Controllers\Cadastros.php(231): CodeIgniter\Debug\Exceptions->errorHandler(2, 'Undefined variable $dadosAcademicos', 'APPPATH\\Controllers\\Cadastros.php', 231)
 2 SYSTEMPATH\CodeIgniter.php(934): App\Controllers\Cadastros->dadosClassificatorios('23', '16', '2472')
 3 SYSTEMPATH\CodeIgniter.php(499): CodeIgniter\CodeIgniter->runController(Object(App\Controllers\Cadastros))
 4 SYSTEMPATH\CodeIgniter.php(368): CodeIgniter\CodeIgniter->handleRequest(null, Object(Config\Cache), false)
 5 FCPATH\index.php(67): CodeIgniter\CodeIgniter->run()
CRITICAL - 2026-03-26 10:25:16 --> Undefined variable $dadosAcademicos
in APPPATH\Controllers\Cadastros.php on line 272.
 1 APPPATH\Controllers\Cadastros.php(272): CodeIgniter\Debug\Exceptions->errorHandler(2, 'Undefined variable $dadosAcademicos', 'APPPATH\\Controllers\\Cadastros.php', 272)
 2 SYSTEMPATH\CodeIgniter.php(934): App\Controllers\Cadastros->dadosClassificatorios('23', '16', '2472')
 3 SYSTEMPATH\CodeIgniter.php(499): CodeIgniter\CodeIgniter->runController(Object(App\Controllers\Cadastros))
 4 SYSTEMPATH\CodeIgniter.php(368): CodeIgniter\CodeIgniter->handleRequest(null, Object(Config\Cache), false)
 5 FCPATH\index.php(67): CodeIgniter\CodeIgniter->run()
CRITICAL - 2026-03-26 10:25:41 --> syntax error, unexpected token "else", expecting "function" or "const"
in APPPATH\Controllers\Cadastros.php on line 272.
 1 SYSTEMPATH\Autoloader\Autoloader.php(289): CodeIgniter\Autoloader\Autoloader->includeFile('APPPATH\\Controllers\\Cadastros.php')
 2 SYSTEMPATH\Autoloader\Autoloader.php(267): CodeIgniter\Autoloader\Autoloader->loadInNamespace('App\\Controllers\\Cadastros')
 3 [internal function]: CodeIgniter\Autoloader\Autoloader->loadClass('App\\Controllers\\Cadastros')
 4 SYSTEMPATH\CodeIgniter.php(892): class_exists('\\App\\Controllers\\Cadastros', true)
 5 SYSTEMPATH\CodeIgniter.php(486): CodeIgniter\CodeIgniter->startController()
 6 SYSTEMPATH\CodeIgniter.php(368): CodeIgniter\CodeIgniter->handleRequest(null, Object(Config\Cache), false)
 7 FCPATH\index.php(67): CodeIgniter\CodeIgniter->run()
CRITICAL - 2026-03-26 10:27:19 --> Undefined variable $acao
in APPPATH\Controllers\Cadastros.php on line 275.
 1 APPPATH\Controllers\Cadastros.php(275): CodeIgniter\Debug\Exceptions->errorHandler(2, 'Undefined variable $acao', 'APPPATH\\Controllers\\Cadastros.php', 275)
 2 SYSTEMPATH\CodeIgniter.php(934): App\Controllers\Cadastros->dadosClassificatorios('23', '16', '2472')
 3 SYSTEMPATH\CodeIgniter.php(499): CodeIgniter\CodeIgniter->runController(Object(App\Controllers\Cadastros))
 4 SYSTEMPATH\CodeIgniter.php(368): CodeIgniter\CodeIgniter->handleRequest(null, Object(Config\Cache), false)
 5 FCPATH\index.php(67): CodeIgniter\CodeIgniter->run()
CRITICAL - 2026-03-26 10:27:48 --> Undefined variable $dados
in APPPATH\Controllers\Cadastros.php on line 278.
 1 APPPATH\Controllers\Cadastros.php(278): CodeIgniter\Debug\Exceptions->errorHandler(2, 'Undefined variable $dados', 'APPPATH\\Controllers\\Cadastros.php', 278)
 2 SYSTEMPATH\CodeIgniter.php(934): App\Controllers\Cadastros->dadosClassificatorios('23', '16', '2472')
 3 SYSTEMPATH\CodeIgniter.php(499): CodeIgniter\CodeIgniter->runController(Object(App\Controllers\Cadastros))
 4 SYSTEMPATH\CodeIgniter.php(368): CodeIgniter\CodeIgniter->handleRequest(null, Object(Config\Cache), false)
 5 FCPATH\index.php(67): CodeIgniter\CodeIgniter->run()
CRITICAL - 2026-03-26 10:29:36 --> Undefined variable $acao
in APPPATH\Views\pages\FormularioClassificatorio_view.php on line 22.
 1 APPPATH\Views\pages\FormularioClassificatorio_view.php(22): CodeIgniter\Debug\Exceptions->errorHandler(2, 'Undefined variable $acao', 'APPPATH\\Views\\pages\\FormularioClassificatorio_view.php', 22)
 2 SYSTEMPATH\View\View.php(213): include('APPPATH\\Views\\pages\\FormularioClassificatorio_view.php')
 3 SYSTEMPATH\View\View.php(216): CodeIgniter\View\View->CodeIgniter\View\{closure}()
 4 SYSTEMPATH\Common.php(1177): CodeIgniter\View\View->render('/pages/FormularioClassificatorio_view', [], true)
 5 APPPATH\Views\layoutLogado.php(3): view('/pages/FormularioClassificatorio_view')
 6 SYSTEMPATH\View\View.php(213): include('APPPATH\\Views\\layoutLogado.php')
 7 SYSTEMPATH\View\View.php(216): CodeIgniter\View\View->CodeIgniter\View\{closure}()
 8 SYSTEMPATH\Common.php(1177): CodeIgniter\View\View->render('layoutLogado', [], true)
 9 APPPATH\Controllers\Cadastros.php(288): view('layoutLogado', [...])
10 SYSTEMPATH\CodeIgniter.php(934): App\Controllers\Cadastros->dadosClassificatorios('23', '16', '2472')
11 SYSTEMPATH\CodeIgniter.php(499): CodeIgniter\CodeIgniter->runController(Object(App\Controllers\Cadastros))
12 SYSTEMPATH\CodeIgniter.php(368): CodeIgniter\CodeIgniter->handleRequest(null, Object(Config\Cache), false)
13 FCPATH\index.php(67): CodeIgniter\CodeIgniter->run()
CRITICAL - 2026-03-26 10:43:24 --> Undefined variable $acao
in APPPATH\Views\pages\FormularioClassificatorio_view.php on line 22.
 1 APPPATH\Views\pages\FormularioClassificatorio_view.php(22): CodeIgniter\Debug\Exceptions->errorHandler(2, 'Undefined variable $acao', 'APPPATH\\Views\\pages\\FormularioClassificatorio_view.php', 22)
 2 SYSTEMPATH\View\View.php(213): include('APPPATH\\Views\\pages\\FormularioClassificatorio_view.php')
 3 SYSTEMPATH\View\View.php(216): CodeIgniter\View\View->CodeIgniter\View\{closure}()
 4 SYSTEMPATH\Common.php(1177): CodeIgniter\View\View->render('/pages/FormularioClassificatorio_view', [], true)
 5 APPPATH\Views\layoutLogado.php(3): view('/pages/FormularioClassificatorio_view')
 6 SYSTEMPATH\View\View.php(213): include('APPPATH\\Views\\layoutLogado.php')
 7 SYSTEMPATH\View\View.php(216): CodeIgniter\View\View->CodeIgniter\View\{closure}()
 8 SYSTEMPATH\Common.php(1177): CodeIgniter\View\View->render('layoutLogado', [], true)
 9 APPPATH\Controllers\Cadastros.php(293): view('layoutLogado', [...])
10 SYSTEMPATH\CodeIgniter.php(934): App\Controllers\Cadastros->dadosClassificatorios('23', '16', '2472')
11 SYSTEMPATH\CodeIgniter.php(499): CodeIgniter\CodeIgniter->runController(Object(App\Controllers\Cadastros))
12 SYSTEMPATH\CodeIgniter.php(368): CodeIgniter\CodeIgniter->handleRequest(null, Object(Config\Cache), false)
13 FCPATH\index.php(67): CodeIgniter\CodeIgniter->run()
CRITICAL - 2026-03-26 10:43:54 --> Undefined variable $acao
in APPPATH\Views\pages\FormularioClassificatorio_view.php on line 23.
 1 APPPATH\Views\pages\FormularioClassificatorio_view.php(23): CodeIgniter\Debug\Exceptions->errorHandler(2, 'Undefined variable $acao', 'APPPATH\\Views\\pages\\FormularioClassificatorio_view.php', 23)
 2 SYSTEMPATH\View\View.php(213): include('APPPATH\\Views\\pages\\FormularioClassificatorio_view.php')
 3 SYSTEMPATH\View\View.php(216): CodeIgniter\View\View->CodeIgniter\View\{closure}()
 4 SYSTEMPATH\Common.php(1177): CodeIgniter\View\View->render('/pages/FormularioClassificatorio_view', [], true)
 5 APPPATH\Views\layoutLogado.php(3): view('/pages/FormularioClassificatorio_view')
 6 SYSTEMPATH\View\View.php(213): include('APPPATH\\Views\\layoutLogado.php')
 7 SYSTEMPATH\View\View.php(216): CodeIgniter\View\View->CodeIgniter\View\{closure}()
 8 SYSTEMPATH\Common.php(1177): CodeIgniter\View\View->render('layoutLogado', [], true)
 9 APPPATH\Controllers\Cadastros.php(293): view('layoutLogado', [...])
10 SYSTEMPATH\CodeIgniter.php(934): App\Controllers\Cadastros->dadosClassificatorios('23', '16', '2472')
11 SYSTEMPATH\CodeIgniter.php(499): CodeIgniter\CodeIgniter->runController(Object(App\Controllers\Cadastros))
12 SYSTEMPATH\CodeIgniter.php(368): CodeIgniter\CodeIgniter->handleRequest(null, Object(Config\Cache), false)
13 FCPATH\index.php(67): CodeIgniter\CodeIgniter->run()
CRITICAL - 2026-03-26 10:52:30 --> Undefined array key "cargo"
in APPPATH\Views\pages\FormularioClassificatorio_view.php on line 28.
 1 APPPATH\Views\pages\FormularioClassificatorio_view.php(28): CodeIgniter\Debug\Exceptions->errorHandler(2, 'Undefined array key "cargo"', 'APPPATH\\Views\\pages\\FormularioClassificatorio_view.php', 28)
 2 SYSTEMPATH\View\View.php(213): include('APPPATH\\Views\\pages\\FormularioClassificatorio_view.php')
 3 SYSTEMPATH\View\View.php(216): CodeIgniter\View\View->CodeIgniter\View\{closure}()
 4 SYSTEMPATH\Common.php(1177): CodeIgniter\View\View->render('/pages/FormularioClassificatorio_view', [], true)
 5 APPPATH\Views\layoutLogado.php(3): view('/pages/FormularioClassificatorio_view')
 6 SYSTEMPATH\View\View.php(213): include('APPPATH\\Views\\layoutLogado.php')
 7 SYSTEMPATH\View\View.php(216): CodeIgniter\View\View->CodeIgniter\View\{closure}()
 8 SYSTEMPATH\Common.php(1177): CodeIgniter\View\View->render('layoutLogado', [], true)
 9 APPPATH\Controllers\Cadastros.php(293): view('layoutLogado', [...])
10 SYSTEMPATH\CodeIgniter.php(934): App\Controllers\Cadastros->dadosClassificatorios('23', '16', '2472')
11 SYSTEMPATH\CodeIgniter.php(499): CodeIgniter\CodeIgniter->runController(Object(App\Controllers\Cadastros))
12 SYSTEMPATH\CodeIgniter.php(368): CodeIgniter\CodeIgniter->handleRequest(null, Object(Config\Cache), false)
13 FCPATH\index.php(67): CodeIgniter\CodeIgniter->run()
CRITICAL - 2026-03-26 10:56:44 --> Cannot use object of type stdClass as array
in APPPATH\Views\pages\FormularioClassificatorio_view.php on line 41.
 1 SYSTEMPATH\View\View.php(213): include()
 2 SYSTEMPATH\View\View.php(216): CodeIgniter\View\View->CodeIgniter\View\{closure}()
 3 SYSTEMPATH\Common.php(1177): CodeIgniter\View\View->render('/pages/FormularioClassificatorio_view', [], true)
 4 APPPATH\Views\layoutLogado.php(3): view('/pages/FormularioClassificatorio_view')
 5 SYSTEMPATH\View\View.php(213): include('APPPATH\\Views\\layoutLogado.php')
 6 SYSTEMPATH\View\View.php(216): CodeIgniter\View\View->CodeIgniter\View\{closure}()
 7 SYSTEMPATH\Common.php(1177): CodeIgniter\View\View->render('layoutLogado', [], true)
 8 APPPATH\Controllers\Cadastros.php(293): view('layoutLogado', [...])
 9 SYSTEMPATH\CodeIgniter.php(934): App\Controllers\Cadastros->dadosClassificatorios('23', '16', '2472')
10 SYSTEMPATH\CodeIgniter.php(499): CodeIgniter\CodeIgniter->runController(Object(App\Controllers\Cadastros))
11 SYSTEMPATH\CodeIgniter.php(368): CodeIgniter\CodeIgniter->handleRequest(null, Object(Config\Cache), false)
12 FCPATH\index.php(67): CodeIgniter\CodeIgniter->run()
CRITICAL - 2026-03-26 10:57:08 --> Cannot use object of type stdClass as array
in APPPATH\Views\pages\FormularioClassificatorio_view.php on line 60.
 1 SYSTEMPATH\View\View.php(213): include()
 2 SYSTEMPATH\View\View.php(216): CodeIgniter\View\View->CodeIgniter\View\{closure}()
 3 SYSTEMPATH\Common.php(1177): CodeIgniter\View\View->render('/pages/FormularioClassificatorio_view', [], true)
 4 APPPATH\Views\layoutLogado.php(3): view('/pages/FormularioClassificatorio_view')
 5 SYSTEMPATH\View\View.php(213): include('APPPATH\\Views\\layoutLogado.php')
 6 SYSTEMPATH\View\View.php(216): CodeIgniter\View\View->CodeIgniter\View\{closure}()
 7 SYSTEMPATH\Common.php(1177): CodeIgniter\View\View->render('layoutLogado', [], true)
 8 APPPATH\Controllers\Cadastros.php(293): view('layoutLogado', [...])
 9 SYSTEMPATH\CodeIgniter.php(934): App\Controllers\Cadastros->dadosClassificatorios('23', '16', '2472')
10 SYSTEMPATH\CodeIgniter.php(499): CodeIgniter\CodeIgniter->runController(Object(App\Controllers\Cadastros))
11 SYSTEMPATH\CodeIgniter.php(368): CodeIgniter\CodeIgniter->handleRequest(null, Object(Config\Cache), false)
12 FCPATH\index.php(67): CodeIgniter\CodeIgniter->run()
CRITICAL - 2026-03-26 10:57:40 --> Call to undefined function form_error()
in APPPATH\Views\pages\FormularioClassificatorio_view.php on line 68.
 1 SYSTEMPATH\View\View.php(213): include()
 2 SYSTEMPATH\View\View.php(216): CodeIgniter\View\View->CodeIgniter\View\{closure}()
 3 SYSTEMPATH\Common.php(1177): CodeIgniter\View\View->render('/pages/FormularioClassificatorio_view', [], true)
 4 APPPATH\Views\layoutLogado.php(3): view('/pages/FormularioClassificatorio_view')
 5 SYSTEMPATH\View\View.php(213): include('APPPATH\\Views\\layoutLogado.php')
 6 SYSTEMPATH\View\View.php(216): CodeIgniter\View\View->CodeIgniter\View\{closure}()
 7 SYSTEMPATH\Common.php(1177): CodeIgniter\View\View->render('layoutLogado', [], true)
 8 APPPATH\Controllers\Cadastros.php(293): view('layoutLogado', [...])
 9 SYSTEMPATH\CodeIgniter.php(934): App\Controllers\Cadastros->dadosClassificatorios('23', '16', '2472')
10 SYSTEMPATH\CodeIgniter.php(499): CodeIgniter\CodeIgniter->runController(Object(App\Controllers\Cadastros))
11 SYSTEMPATH\CodeIgniter.php(368): CodeIgniter\CodeIgniter->handleRequest(null, Object(Config\Cache), false)
12 FCPATH\index.php(67): CodeIgniter\CodeIgniter->run()
CRITICAL - 2026-03-26 10:58:13 --> Call to undefined function form_error()
in APPPATH\Views\pages\FormularioClassificatorio_view.php on line 68.
 1 SYSTEMPATH\View\View.php(213): include()
 2 SYSTEMPATH\View\View.php(216): CodeIgniter\View\View->CodeIgniter\View\{closure}()
 3 SYSTEMPATH\Common.php(1177): CodeIgniter\View\View->render('/pages/FormularioClassificatorio_view', [], true)
 4 APPPATH\Views\layoutLogado.php(3): view('/pages/FormularioClassificatorio_view')
 5 SYSTEMPATH\View\View.php(213): include('APPPATH\\Views\\layoutLogado.php')
 6 SYSTEMPATH\View\View.php(216): CodeIgniter\View\View->CodeIgniter\View\{closure}()
 7 SYSTEMPATH\Common.php(1177): CodeIgniter\View\View->render('layoutLogado', [], true)
 8 APPPATH\Controllers\Cadastros.php(293): view('layoutLogado', [...])
 9 SYSTEMPATH\CodeIgniter.php(934): App\Controllers\Cadastros->dadosClassificatorios('23', '16', '2472')
10 SYSTEMPATH\CodeIgniter.php(499): CodeIgniter\CodeIgniter->runController(Object(App\Controllers\Cadastros))
11 SYSTEMPATH\CodeIgniter.php(368): CodeIgniter\CodeIgniter->handleRequest(null, Object(Config\Cache), false)
12 FCPATH\index.php(67): CodeIgniter\CodeIgniter->run()
CRITICAL - 2026-03-26 11:17:59 --> Attempt to read property "ds_quantidade" on null
in APPPATH\Views\pages\FormularioClassificatorio_view.php on line 84.
 1 APPPATH\Views\pages\FormularioClassificatorio_view.php(84): CodeIgniter\Debug\Exceptions->errorHandler(2, 'Attempt to read property "ds_quantidade" on null', 'APPPATH\\Views\\pages\\FormularioClassificatorio_view.php', 84)
 2 SYSTEMPATH\View\View.php(213): include('APPPATH\\Views\\pages\\FormularioClassificatorio_view.php')
 3 SYSTEMPATH\View\View.php(216): CodeIgniter\View\View->CodeIgniter\View\{closure}()
 4 SYSTEMPATH\Common.php(1177): CodeIgniter\View\View->render('/pages/FormularioClassificatorio_view', [], true)
 5 APPPATH\Views\layoutLogado.php(3): view('/pages/FormularioClassificatorio_view')
 6 SYSTEMPATH\View\View.php(213): include('APPPATH\\Views\\layoutLogado.php')
 7 SYSTEMPATH\View\View.php(216): CodeIgniter\View\View->CodeIgniter\View\{closure}()
 8 SYSTEMPATH\Common.php(1177): CodeIgniter\View\View->render('layoutLogado', [], true)
 9 APPPATH\Controllers\Cadastros.php(293): view('layoutLogado', [...])
10 SYSTEMPATH\CodeIgniter.php(934): App\Controllers\Cadastros->dadosClassificatorios('23', '16', '2472')
11 SYSTEMPATH\CodeIgniter.php(499): CodeIgniter\CodeIgniter->runController(Object(App\Controllers\Cadastros))
12 SYSTEMPATH\CodeIgniter.php(368): CodeIgniter\CodeIgniter->handleRequest(null, Object(Config\Cache), false)
13 FCPATH\index.php(67): CodeIgniter\CodeIgniter->run()
CRITICAL - 2026-03-26 11:21:15 --> Attempt to read property "ds_quantidade" on null
in APPPATH\Views\pages\FormularioClassificatorio_view.php on line 84.
 1 APPPATH\Views\pages\FormularioClassificatorio_view.php(84): CodeIgniter\Debug\Exceptions->errorHandler(2, 'Attempt to read property "ds_quantidade" on null', 'APPPATH\\Views\\pages\\FormularioClassificatorio_view.php', 84)
 2 SYSTEMPATH\View\View.php(213): include('APPPATH\\Views\\pages\\FormularioClassificatorio_view.php')
 3 SYSTEMPATH\View\View.php(216): CodeIgniter\View\View->CodeIgniter\View\{closure}()
 4 SYSTEMPATH\Common.php(1177): CodeIgniter\View\View->render('/pages/FormularioClassificatorio_view', [], true)
 5 APPPATH\Views\layoutLogado.php(3): view('/pages/FormularioClassificatorio_view')
 6 SYSTEMPATH\View\View.php(213): include('APPPATH\\Views\\layoutLogado.php')
 7 SYSTEMPATH\View\View.php(216): CodeIgniter\View\View->CodeIgniter\View\{closure}()
 8 SYSTEMPATH\Common.php(1177): CodeIgniter\View\View->render('layoutLogado', [], true)
 9 APPPATH\Controllers\Cadastros.php(293): view('layoutLogado', [...])
10 SYSTEMPATH\CodeIgniter.php(934): App\Controllers\Cadastros->dadosClassificatorios('23', '16', '2472')
11 SYSTEMPATH\CodeIgniter.php(499): CodeIgniter\CodeIgniter->runController(Object(App\Controllers\Cadastros))
12 SYSTEMPATH\CodeIgniter.php(368): CodeIgniter\CodeIgniter->handleRequest(null, Object(Config\Cache), false)
13 FCPATH\index.php(67): CodeIgniter\CodeIgniter->run()
CRITICAL - 2026-03-26 11:47:02 --> Undefined variable $id
in APPPATH\Views\pages\FormularioClassificatorio_view.php on line 40.
 1 APPPATH\Views\pages\FormularioClassificatorio_view.php(40): CodeIgniter\Debug\Exceptions->errorHandler(2, 'Undefined variable $id', 'APPPATH\\Views\\pages\\FormularioClassificatorio_view.php', 40)
 2 SYSTEMPATH\View\View.php(213): include('APPPATH\\Views\\pages\\FormularioClassificatorio_view.php')
 3 SYSTEMPATH\View\View.php(216): CodeIgniter\View\View->CodeIgniter\View\{closure}()
 4 SYSTEMPATH\Common.php(1177): CodeIgniter\View\View->render('/pages/FormularioClassificatorio_view', [], true)
 5 APPPATH\Views\layoutLogado.php(3): view('/pages/FormularioClassificatorio_view')
 6 SYSTEMPATH\View\View.php(213): include('APPPATH\\Views\\layoutLogado.php')
 7 SYSTEMPATH\View\View.php(216): CodeIgniter\View\View->CodeIgniter\View\{closure}()
 8 SYSTEMPATH\Common.php(1177): CodeIgniter\View\View->render('layoutLogado', [], true)
 9 APPPATH\Controllers\Cadastros.php(293): view('layoutLogado', [...])
10 SYSTEMPATH\CodeIgniter.php(934): App\Controllers\Cadastros->dadosClassificatorios('23', '16', '2472')
11 SYSTEMPATH\CodeIgniter.php(499): CodeIgniter\CodeIgniter->runController(Object(App\Controllers\Cadastros))
12 SYSTEMPATH\CodeIgniter.php(368): CodeIgniter\CodeIgniter->handleRequest(null, Object(Config\Cache), false)
13 FCPATH\index.php(67): CodeIgniter\CodeIgniter->run()
CRITICAL - 2026-03-26 11:47:23 --> Undefined variable $cargo
in APPPATH\Views\pages\FormularioClassificatorio_view.php on line 41.
 1 APPPATH\Views\pages\FormularioClassificatorio_view.php(41): CodeIgniter\Debug\Exceptions->errorHandler(2, 'Undefined variable $cargo', 'APPPATH\\Views\\pages\\FormularioClassificatorio_view.php', 41)
 2 SYSTEMPATH\View\View.php(213): include('APPPATH\\Views\\pages\\FormularioClassificatorio_view.php')
 3 SYSTEMPATH\View\View.php(216): CodeIgniter\View\View->CodeIgniter\View\{closure}()
 4 SYSTEMPATH\Common.php(1177): CodeIgniter\View\View->render('/pages/FormularioClassificatorio_view', [], true)
 5 APPPATH\Views\layoutLogado.php(3): view('/pages/FormularioClassificatorio_view')
 6 SYSTEMPATH\View\View.php(213): include('APPPATH\\Views\\layoutLogado.php')
 7 SYSTEMPATH\View\View.php(216): CodeIgniter\View\View->CodeIgniter\View\{closure}()
 8 SYSTEMPATH\Common.php(1177): CodeIgniter\View\View->render('layoutLogado', [], true)
 9 APPPATH\Controllers\Cadastros.php(293): view('layoutLogado', [...])
10 SYSTEMPATH\CodeIgniter.php(934): App\Controllers\Cadastros->dadosClassificatorios('23', '16', '2472')
11 SYSTEMPATH\CodeIgniter.php(499): CodeIgniter\CodeIgniter->runController(Object(App\Controllers\Cadastros))
12 SYSTEMPATH\CodeIgniter.php(368): CodeIgniter\CodeIgniter->handleRequest(null, Object(Config\Cache), false)
13 FCPATH\index.php(67): CodeIgniter\CodeIgniter->run()
CRITICAL - 2026-03-26 11:47:37 --> Undefined variable $cargo
in APPPATH\Views\pages\FormularioClassificatorio_view.php on line 41.
 1 APPPATH\Views\pages\FormularioClassificatorio_view.php(41): CodeIgniter\Debug\Exceptions->errorHandler(2, 'Undefined variable $cargo', 'APPPATH\\Views\\pages\\FormularioClassificatorio_view.php', 41)
 2 SYSTEMPATH\View\View.php(213): include('APPPATH\\Views\\pages\\FormularioClassificatorio_view.php')
 3 SYSTEMPATH\View\View.php(216): CodeIgniter\View\View->CodeIgniter\View\{closure}()
 4 SYSTEMPATH\Common.php(1177): CodeIgniter\View\View->render('/pages/FormularioClassificatorio_view', [], true)
 5 APPPATH\Views\layoutLogado.php(3): view('/pages/FormularioClassificatorio_view')
 6 SYSTEMPATH\View\View.php(213): include('APPPATH\\Views\\layoutLogado.php')
 7 SYSTEMPATH\View\View.php(216): CodeIgniter\View\View->CodeIgniter\View\{closure}()
 8 SYSTEMPATH\Common.php(1177): CodeIgniter\View\View->render('layoutLogado', [], true)
 9 APPPATH\Controllers\Cadastros.php(295): view('layoutLogado', [...])
10 SYSTEMPATH\CodeIgniter.php(934): App\Controllers\Cadastros->dadosClassificatorios('23', '16', '2472')
11 SYSTEMPATH\CodeIgniter.php(499): CodeIgniter\CodeIgniter->runController(Object(App\Controllers\Cadastros))
12 SYSTEMPATH\CodeIgniter.php(368): CodeIgniter\CodeIgniter->handleRequest(null, Object(Config\Cache), false)
13 FCPATH\index.php(67): CodeIgniter\CodeIgniter->run()
CRITICAL - 2026-03-26 11:47:55 --> Attempt to read property "ds_quantidade" on null
in APPPATH\Views\pages\FormularioClassificatorio_view.php on line 69.
 1 APPPATH\Views\pages\FormularioClassificatorio_view.php(69): CodeIgniter\Debug\Exceptions->errorHandler(2, 'Attempt to read property "ds_quantidade" on null', 'APPPATH\\Views\\pages\\FormularioClassificatorio_view.php', 69)
 2 SYSTEMPATH\View\View.php(213): include('APPPATH\\Views\\pages\\FormularioClassificatorio_view.php')
 3 SYSTEMPATH\View\View.php(216): CodeIgniter\View\View->CodeIgniter\View\{closure}()
 4 SYSTEMPATH\Common.php(1177): CodeIgniter\View\View->render('/pages/FormularioClassificatorio_view', [], true)
 5 APPPATH\Views\layoutLogado.php(3): view('/pages/FormularioClassificatorio_view')
 6 SYSTEMPATH\View\View.php(213): include('APPPATH\\Views\\layoutLogado.php')
 7 SYSTEMPATH\View\View.php(216): CodeIgniter\View\View->CodeIgniter\View\{closure}()
 8 SYSTEMPATH\Common.php(1177): CodeIgniter\View\View->render('layoutLogado', [], true)
 9 APPPATH\Controllers\Cadastros.php(295): view('layoutLogado', [...])
10 SYSTEMPATH\CodeIgniter.php(934): App\Controllers\Cadastros->dadosClassificatorios('23', '16', '2472')
11 SYSTEMPATH\CodeIgniter.php(499): CodeIgniter\CodeIgniter->runController(Object(App\Controllers\Cadastros))
12 SYSTEMPATH\CodeIgniter.php(368): CodeIgniter\CodeIgniter->handleRequest(null, Object(Config\Cache), false)
13 FCPATH\index.php(67): CodeIgniter\CodeIgniter->run()
CRITICAL - 2026-03-26 11:49:19 --> Attempt to read property "ds_quantidade" on null
in APPPATH\Views\pages\FormularioClassificatorio_view.php on line 69.
 1 APPPATH\Views\pages\FormularioClassificatorio_view.php(69): CodeIgniter\Debug\Exceptions->errorHandler(2, 'Attempt to read property "ds_quantidade" on null', 'APPPATH\\Views\\pages\\FormularioClassificatorio_view.php', 69)
 2 SYSTEMPATH\View\View.php(213): include('APPPATH\\Views\\pages\\FormularioClassificatorio_view.php')
 3 SYSTEMPATH\View\View.php(216): CodeIgniter\View\View->CodeIgniter\View\{closure}()
 4 SYSTEMPATH\Common.php(1177): CodeIgniter\View\View->render('/pages/FormularioClassificatorio_view', [], true)
 5 APPPATH\Views\layoutLogado.php(3): view('/pages/FormularioClassificatorio_view')
 6 SYSTEMPATH\View\View.php(213): include('APPPATH\\Views\\layoutLogado.php')
 7 SYSTEMPATH\View\View.php(216): CodeIgniter\View\View->CodeIgniter\View\{closure}()
 8 SYSTEMPATH\Common.php(1177): CodeIgniter\View\View->render('layoutLogado', [], true)
 9 APPPATH\Controllers\Cadastros.php(295): view('layoutLogado', [...])
10 SYSTEMPATH\CodeIgniter.php(934): App\Controllers\Cadastros->dadosClassificatorios('23', '16', '2472')
11 SYSTEMPATH\CodeIgniter.php(499): CodeIgniter\CodeIgniter->runController(Object(App\Controllers\Cadastros))
12 SYSTEMPATH\CodeIgniter.php(368): CodeIgniter\CodeIgniter->handleRequest(null, Object(Config\Cache), false)
13 FCPATH\index.php(67): CodeIgniter\CodeIgniter->run()
CRITICAL - 2026-03-26 11:50:44 --> Attempt to read property "ds_quantidade" on null
in APPPATH\Views\pages\FormularioClassificatorio_view.php on line 69.
 1 APPPATH\Views\pages\FormularioClassificatorio_view.php(69): CodeIgniter\Debug\Exceptions->errorHandler(2, 'Attempt to read property "ds_quantidade" on null', 'APPPATH\\Views\\pages\\FormularioClassificatorio_view.php', 69)
 2 SYSTEMPATH\View\View.php(213): include('APPPATH\\Views\\pages\\FormularioClassificatorio_view.php')
 3 SYSTEMPATH\View\View.php(216): CodeIgniter\View\View->CodeIgniter\View\{closure}()
 4 SYSTEMPATH\Common.php(1177): CodeIgniter\View\View->render('/pages/FormularioClassificatorio_view', [], true)
 5 APPPATH\Views\layoutLogado.php(3): view('/pages/FormularioClassificatorio_view')
 6 SYSTEMPATH\View\View.php(213): include('APPPATH\\Views\\layoutLogado.php')
 7 SYSTEMPATH\View\View.php(216): CodeIgniter\View\View->CodeIgniter\View\{closure}()
 8 SYSTEMPATH\Common.php(1177): CodeIgniter\View\View->render('layoutLogado', [], true)
 9 APPPATH\Controllers\Cadastros.php(295): view('layoutLogado', [...])
10 SYSTEMPATH\CodeIgniter.php(934): App\Controllers\Cadastros->dadosClassificatorios('23', '16', '2472')
11 SYSTEMPATH\CodeIgniter.php(499): CodeIgniter\CodeIgniter->runController(Object(App\Controllers\Cadastros))
12 SYSTEMPATH\CodeIgniter.php(368): CodeIgniter\CodeIgniter->handleRequest(null, Object(Config\Cache), false)
13 FCPATH\index.php(67): CodeIgniter\CodeIgniter->run()
CRITICAL - 2026-03-26 11:50:55 --> Attempt to read property "ds_quantidade" on null
in APPPATH\Views\pages\FormularioClassificatorio_view.php on line 69.
 1 APPPATH\Views\pages\FormularioClassificatorio_view.php(69): CodeIgniter\Debug\Exceptions->errorHandler(2, 'Attempt to read property "ds_quantidade" on null', 'APPPATH\\Views\\pages\\FormularioClassificatorio_view.php', 69)
 2 SYSTEMPATH\View\View.php(213): include('APPPATH\\Views\\pages\\FormularioClassificatorio_view.php')
 3 SYSTEMPATH\View\View.php(216): CodeIgniter\View\View->CodeIgniter\View\{closure}()
 4 SYSTEMPATH\Common.php(1177): CodeIgniter\View\View->render('/pages/FormularioClassificatorio_view', [], true)
 5 APPPATH\Views\layoutLogado.php(3): view('/pages/FormularioClassificatorio_view')
 6 SYSTEMPATH\View\View.php(213): include('APPPATH\\Views\\layoutLogado.php')
 7 SYSTEMPATH\View\View.php(216): CodeIgniter\View\View->CodeIgniter\View\{closure}()
 8 SYSTEMPATH\Common.php(1177): CodeIgniter\View\View->render('layoutLogado', [], true)
 9 APPPATH\Controllers\Cadastros.php(295): view('layoutLogado', [...])
10 SYSTEMPATH\CodeIgniter.php(934): App\Controllers\Cadastros->dadosClassificatorios('23', '16', '2472')
11 SYSTEMPATH\CodeIgniter.php(499): CodeIgniter\CodeIgniter->runController(Object(App\Controllers\Cadastros))
12 SYSTEMPATH\CodeIgniter.php(368): CodeIgniter\CodeIgniter->handleRequest(null, Object(Config\Cache), false)
13 FCPATH\index.php(67): CodeIgniter\CodeIgniter->run()
CRITICAL - 2026-03-26 11:52:03 --> Attempt to read property "ds_quantidade" on null
in APPPATH\Views\pages\FormularioClassificatorio_view.php on line 72.
 1 APPPATH\Views\pages\FormularioClassificatorio_view.php(72): CodeIgniter\Debug\Exceptions->errorHandler(2, 'Attempt to read property "ds_quantidade" on null', 'APPPATH\\Views\\pages\\FormularioClassificatorio_view.php', 72)
 2 SYSTEMPATH\View\View.php(213): include('APPPATH\\Views\\pages\\FormularioClassificatorio_view.php')
 3 SYSTEMPATH\View\View.php(216): CodeIgniter\View\View->CodeIgniter\View\{closure}()
 4 SYSTEMPATH\Common.php(1177): CodeIgniter\View\View->render('/pages/FormularioClassificatorio_view', [], true)
 5 APPPATH\Views\layoutLogado.php(3): view('/pages/FormularioClassificatorio_view')
 6 SYSTEMPATH\View\View.php(213): include('APPPATH\\Views\\layoutLogado.php')
 7 SYSTEMPATH\View\View.php(216): CodeIgniter\View\View->CodeIgniter\View\{closure}()
 8 SYSTEMPATH\Common.php(1177): CodeIgniter\View\View->render('layoutLogado', [], true)
 9 APPPATH\Controllers\Cadastros.php(295): view('layoutLogado', [...])
10 SYSTEMPATH\CodeIgniter.php(934): App\Controllers\Cadastros->dadosClassificatorios('23', '16', '2472')
11 SYSTEMPATH\CodeIgniter.php(499): CodeIgniter\CodeIgniter->runController(Object(App\Controllers\Cadastros))
12 SYSTEMPATH\CodeIgniter.php(368): CodeIgniter\CodeIgniter->handleRequest(null, Object(Config\Cache), false)
13 FCPATH\index.php(67): CodeIgniter\CodeIgniter->run()
CRITICAL - 2026-03-26 11:56:20 --> Attempt to read property "ds_quantidade" on null
in APPPATH\Views\pages\FormularioClassificatorio_view.php on line 72.
 1 APPPATH\Views\pages\FormularioClassificatorio_view.php(72): CodeIgniter\Debug\Exceptions->errorHandler(2, 'Attempt to read property "ds_quantidade" on null', 'APPPATH\\Views\\pages\\FormularioClassificatorio_view.php', 72)
 2 SYSTEMPATH\View\View.php(213): include('APPPATH\\Views\\pages\\FormularioClassificatorio_view.php')
 3 SYSTEMPATH\View\View.php(216): CodeIgniter\View\View->CodeIgniter\View\{closure}()
 4 SYSTEMPATH\Common.php(1177): CodeIgniter\View\View->render('/pages/FormularioClassificatorio_view', [], true)
 5 APPPATH\Views\layoutLogado.php(3): view('/pages/FormularioClassificatorio_view')
 6 SYSTEMPATH\View\View.php(213): include('APPPATH\\Views\\layoutLogado.php')
 7 SYSTEMPATH\View\View.php(216): CodeIgniter\View\View->CodeIgniter\View\{closure}()
 8 SYSTEMPATH\Common.php(1177): CodeIgniter\View\View->render('layoutLogado', [], true)
 9 APPPATH\Controllers\Cadastros.php(295): view('layoutLogado', [...])
10 SYSTEMPATH\CodeIgniter.php(934): App\Controllers\Cadastros->dadosClassificatorios('23', '16', '2472')
11 SYSTEMPATH\CodeIgniter.php(499): CodeIgniter\CodeIgniter->runController(Object(App\Controllers\Cadastros))
12 SYSTEMPATH\CodeIgniter.php(368): CodeIgniter\CodeIgniter->handleRequest(null, Object(Config\Cache), false)
13 FCPATH\index.php(67): CodeIgniter\CodeIgniter->run()
CRITICAL - 2026-03-26 11:58:57 --> Attempt to read property "ds_quantidade" on null
in APPPATH\Views\pages\FormularioClassificatorio_view.php on line 72.
 1 APPPATH\Views\pages\FormularioClassificatorio_view.php(72): CodeIgniter\Debug\Exceptions->errorHandler(2, 'Attempt to read property "ds_quantidade" on null', 'APPPATH\\Views\\pages\\FormularioClassificatorio_view.php', 72)
 2 SYSTEMPATH\View\View.php(213): include('APPPATH\\Views\\pages\\FormularioClassificatorio_view.php')
 3 SYSTEMPATH\View\View.php(216): CodeIgniter\View\View->CodeIgniter\View\{closure}()
 4 SYSTEMPATH\Common.php(1177): CodeIgniter\View\View->render('/pages/FormularioClassificatorio_view', [], true)
 5 APPPATH\Views\layoutLogado.php(3): view('/pages/FormularioClassificatorio_view')
 6 SYSTEMPATH\View\View.php(213): include('APPPATH\\Views\\layoutLogado.php')
 7 SYSTEMPATH\View\View.php(216): CodeIgniter\View\View->CodeIgniter\View\{closure}()
 8 SYSTEMPATH\Common.php(1177): CodeIgniter\View\View->render('layoutLogado', [], true)
 9 APPPATH\Controllers\Cadastros.php(295): view('layoutLogado', [...])
10 SYSTEMPATH\CodeIgniter.php(934): App\Controllers\Cadastros->dadosClassificatorios('23', '16', '2472')
11 SYSTEMPATH\CodeIgniter.php(499): CodeIgniter\CodeIgniter->runController(Object(App\Controllers\Cadastros))
12 SYSTEMPATH\CodeIgniter.php(368): CodeIgniter\CodeIgniter->handleRequest(null, Object(Config\Cache), false)
13 FCPATH\index.php(67): CodeIgniter\CodeIgniter->run()
CRITICAL - 2026-03-26 13:40:08 --> Undefined variable $idCandidato
in APPPATH\Views\pages\OpcoesCadastro_view.php on line 118.
 1 APPPATH\Views\pages\OpcoesCadastro_view.php(118): CodeIgniter\Debug\Exceptions->errorHandler(2, 'Undefined variable $idCandidato', 'APPPATH\\Views\\pages\\OpcoesCadastro_view.php', 118)
 2 SYSTEMPATH\View\View.php(213): include('APPPATH\\Views\\pages\\OpcoesCadastro_view.php')
 3 SYSTEMPATH\View\View.php(216): CodeIgniter\View\View->CodeIgniter\View\{closure}()
 4 SYSTEMPATH\Common.php(1177): CodeIgniter\View\View->render('/pages/OpcoesCadastro_view', [], true)
 5 APPPATH\Views\layoutLogado.php(3): view('/pages/OpcoesCadastro_view')
 6 SYSTEMPATH\View\View.php(213): include('APPPATH\\Views\\layoutLogado.php')
 7 SYSTEMPATH\View\View.php(216): CodeIgniter\View\View->CodeIgniter\View\{closure}()
 8 SYSTEMPATH\Common.php(1177): CodeIgniter\View\View->render('layoutLogado', [], true)
 9 APPPATH\Controllers\Cadastros.php(99): view('layoutLogado', [...])
10 SYSTEMPATH\CodeIgniter.php(934): App\Controllers\Cadastros->index()
11 SYSTEMPATH\CodeIgniter.php(499): CodeIgniter\CodeIgniter->runController(Object(App\Controllers\Cadastros))
12 SYSTEMPATH\CodeIgniter.php(368): CodeIgniter\CodeIgniter->handleRequest(null, Object(Config\Cache), false)
13 FCPATH\index.php(67): CodeIgniter\CodeIgniter->run()
CRITICAL - 2026-03-26 13:40:10 --> Undefined variable $idCandidato
in APPPATH\Views\pages\OpcoesCadastro_view.php on line 118.
 1 APPPATH\Views\pages\OpcoesCadastro_view.php(118): CodeIgniter\Debug\Exceptions->errorHandler(2, 'Undefined variable $idCandidato', 'APPPATH\\Views\\pages\\OpcoesCadastro_view.php', 118)
 2 SYSTEMPATH\View\View.php(213): include('APPPATH\\Views\\pages\\OpcoesCadastro_view.php')
 3 SYSTEMPATH\View\View.php(216): CodeIgniter\View\View->CodeIgniter\View\{closure}()
 4 SYSTEMPATH\Common.php(1177): CodeIgniter\View\View->render('/pages/OpcoesCadastro_view', [], true)
 5 APPPATH\Views\layoutLogado.php(3): view('/pages/OpcoesCadastro_view')
 6 SYSTEMPATH\View\View.php(213): include('APPPATH\\Views\\layoutLogado.php')
 7 SYSTEMPATH\View\View.php(216): CodeIgniter\View\View->CodeIgniter\View\{closure}()
 8 SYSTEMPATH\Common.php(1177): CodeIgniter\View\View->render('layoutLogado', [], true)
 9 APPPATH\Controllers\Cadastros.php(99): view('layoutLogado', [...])
10 SYSTEMPATH\CodeIgniter.php(934): App\Controllers\Cadastros->index()
11 SYSTEMPATH\CodeIgniter.php(499): CodeIgniter\CodeIgniter->runController(Object(App\Controllers\Cadastros))
12 SYSTEMPATH\CodeIgniter.php(368): CodeIgniter\CodeIgniter->handleRequest(null, Object(Config\Cache), false)
13 FCPATH\index.php(67): CodeIgniter\CodeIgniter->run()
CRITICAL - 2026-03-26 13:44:00 --> syntax error, unexpected token "."
in APPPATH\Views\pages\FormularioClassificatorio_view.php on line 72.
 1 SYSTEMPATH\View\View.php(216): CodeIgniter\View\View->CodeIgniter\View\{closure}()
 2 SYSTEMPATH\Common.php(1177): CodeIgniter\View\View->render('/pages/FormularioClassificatorio_view', [], true)
 3 APPPATH\Views\layoutLogado.php(3): view('/pages/FormularioClassificatorio_view')
 4 SYSTEMPATH\View\View.php(213): include('APPPATH\\Views\\layoutLogado.php')
 5 SYSTEMPATH\View\View.php(216): CodeIgniter\View\View->CodeIgniter\View\{closure}()
 6 SYSTEMPATH\Common.php(1177): CodeIgniter\View\View->render('layoutLogado', [], true)
 7 APPPATH\Controllers\Cadastros.php(296): view('layoutLogado', [...])
 8 SYSTEMPATH\CodeIgniter.php(934): App\Controllers\Cadastros->dadosClassificatorios('23', '16', '2851')
 9 SYSTEMPATH\CodeIgniter.php(499): CodeIgniter\CodeIgniter->runController(Object(App\Controllers\Cadastros))
10 SYSTEMPATH\CodeIgniter.php(368): CodeIgniter\CodeIgniter->handleRequest(null, Object(Config\Cache), false)
11 FCPATH\index.php(67): CodeIgniter\CodeIgniter->run()
CRITICAL - 2026-03-26 13:56:39 --> Array callback must have exactly two elements
in APPPATH\Views\pages\FormularioClassificatorio_view.php on line 107.
 1 SYSTEMPATH\View\View.php(213): include()
 2 SYSTEMPATH\View\View.php(216): CodeIgniter\View\View->CodeIgniter\View\{closure}()
 3 SYSTEMPATH\Common.php(1177): CodeIgniter\View\View->render('/pages/FormularioClassificatorio_view', [], true)
 4 APPPATH\Views\layoutLogado.php(3): view('/pages/FormularioClassificatorio_view')
 5 SYSTEMPATH\View\View.php(213): include('APPPATH\\Views\\layoutLogado.php')
 6 SYSTEMPATH\View\View.php(216): CodeIgniter\View\View->CodeIgniter\View\{closure}()
 7 SYSTEMPATH\Common.php(1177): CodeIgniter\View\View->render('layoutLogado', [], true)
 8 APPPATH\Controllers\Cadastros.php(296): view('layoutLogado', [...])
 9 SYSTEMPATH\CodeIgniter.php(934): App\Controllers\Cadastros->dadosClassificatorios('23', '16', '2851')
10 SYSTEMPATH\CodeIgniter.php(499): CodeIgniter\CodeIgniter->runController(Object(App\Controllers\Cadastros))
11 SYSTEMPATH\CodeIgniter.php(368): CodeIgniter\CodeIgniter->handleRequest(null, Object(Config\Cache), false)
12 FCPATH\index.php(67): CodeIgniter\CodeIgniter->run()
CRITICAL - 2026-03-26 14:17:01 --> Undefined variable $aperfeicoamentoClassificatoriosClassificatorias
in APPPATH\Views\pages\FormularioClassificatorio_view.php on line 137.
 1 APPPATH\Views\pages\FormularioClassificatorio_view.php(137): CodeIgniter\Debug\Exceptions->errorHandler(2, 'Undefined variable $aperfeicoamentoClassificatoriosClassificatorias', 'APPPATH\\Views\\pages\\FormularioClassificatorio_view.php', 137)
 2 SYSTEMPATH\View\View.php(213): include('APPPATH\\Views\\pages\\FormularioClassificatorio_view.php')
 3 SYSTEMPATH\View\View.php(216): CodeIgniter\View\View->CodeIgniter\View\{closure}()
 4 SYSTEMPATH\Common.php(1177): CodeIgniter\View\View->render('/pages/FormularioClassificatorio_view', [], true)
 5 APPPATH\Views\layoutLogado.php(3): view('/pages/FormularioClassificatorio_view')
 6 SYSTEMPATH\View\View.php(213): include('APPPATH\\Views\\layoutLogado.php')
 7 SYSTEMPATH\View\View.php(216): CodeIgniter\View\View->CodeIgniter\View\{closure}()
 8 SYSTEMPATH\Common.php(1177): CodeIgniter\View\View->render('layoutLogado', [], true)
 9 APPPATH\Controllers\Cadastros.php(296): view('layoutLogado', [...])
10 SYSTEMPATH\CodeIgniter.php(934): App\Controllers\Cadastros->dadosClassificatorios('23', '16', '2851')
11 SYSTEMPATH\CodeIgniter.php(499): CodeIgniter\CodeIgniter->runController(Object(App\Controllers\Cadastros))
12 SYSTEMPATH\CodeIgniter.php(368): CodeIgniter\CodeIgniter->handleRequest(null, Object(Config\Cache), false)
13 FCPATH\index.php(67): CodeIgniter\CodeIgniter->run()
CRITICAL - 2026-03-26 14:17:13 --> Attempt to read property "fk_id_aperfeicoamento" on array
in APPPATH\Views\pages\FormularioClassificatorio_view.php on line 138.
 1 APPPATH\Views\pages\FormularioClassificatorio_view.php(138): CodeIgniter\Debug\Exceptions->errorHandler(2, 'Attempt to read property "fk_id_aperfeicoamento" on array', 'APPPATH\\Views\\pages\\FormularioClassificatorio_view.php', 138)
 2 SYSTEMPATH\View\View.php(213): include('APPPATH\\Views\\pages\\FormularioClassificatorio_view.php')
 3 SYSTEMPATH\View\View.php(216): CodeIgniter\View\View->CodeIgniter\View\{closure}()
 4 SYSTEMPATH\Common.php(1177): CodeIgniter\View\View->render('/pages/FormularioClassificatorio_view', [], true)
 5 APPPATH\Views\layoutLogado.php(3): view('/pages/FormularioClassificatorio_view')
 6 SYSTEMPATH\View\View.php(213): include('APPPATH\\Views\\layoutLogado.php')
 7 SYSTEMPATH\View\View.php(216): CodeIgniter\View\View->CodeIgniter\View\{closure}()
 8 SYSTEMPATH\Common.php(1177): CodeIgniter\View\View->render('layoutLogado', [], true)
 9 APPPATH\Controllers\Cadastros.php(296): view('layoutLogado', [...])
10 SYSTEMPATH\CodeIgniter.php(934): App\Controllers\Cadastros->dadosClassificatorios('23', '16', '2851')
11 SYSTEMPATH\CodeIgniter.php(499): CodeIgniter\CodeIgniter->runController(Object(App\Controllers\Cadastros))
12 SYSTEMPATH\CodeIgniter.php(368): CodeIgniter\CodeIgniter->handleRequest(null, Object(Config\Cache), false)
13 FCPATH\index.php(67): CodeIgniter\CodeIgniter->run()
CRITICAL - 2026-03-26 14:17:54 --> Attempt to read property "fk_id_aperfeicoamento" on array
in APPPATH\Views\pages\FormularioClassificatorio_view.php on line 138.
 1 APPPATH\Views\pages\FormularioClassificatorio_view.php(138): CodeIgniter\Debug\Exceptions->errorHandler(2, 'Attempt to read property "fk_id_aperfeicoamento" on array', 'APPPATH\\Views\\pages\\FormularioClassificatorio_view.php', 138)
 2 SYSTEMPATH\View\View.php(213): include('APPPATH\\Views\\pages\\FormularioClassificatorio_view.php')
 3 SYSTEMPATH\View\View.php(216): CodeIgniter\View\View->CodeIgniter\View\{closure}()
 4 SYSTEMPATH\Common.php(1177): CodeIgniter\View\View->render('/pages/FormularioClassificatorio_view', [], true)
 5 APPPATH\Views\layoutLogado.php(3): view('/pages/FormularioClassificatorio_view')
 6 SYSTEMPATH\View\View.php(213): include('APPPATH\\Views\\layoutLogado.php')
 7 SYSTEMPATH\View\View.php(216): CodeIgniter\View\View->CodeIgniter\View\{closure}()
 8 SYSTEMPATH\Common.php(1177): CodeIgniter\View\View->render('layoutLogado', [], true)
 9 APPPATH\Controllers\Cadastros.php(296): view('layoutLogado', [...])
10 SYSTEMPATH\CodeIgniter.php(934): App\Controllers\Cadastros->dadosClassificatorios('23', '16', '2851')
11 SYSTEMPATH\CodeIgniter.php(499): CodeIgniter\CodeIgniter->runController(Object(App\Controllers\Cadastros))
12 SYSTEMPATH\CodeIgniter.php(368): CodeIgniter\CodeIgniter->handleRequest(null, Object(Config\Cache), false)
13 FCPATH\index.php(67): CodeIgniter\CodeIgniter->run()
CRITICAL - 2026-03-26 14:18:10 --> Attempt to read property "fk_id_curso" on array
in APPPATH\Views\pages\FormularioClassificatorio_view.php on line 138.
 1 APPPATH\Views\pages\FormularioClassificatorio_view.php(138): CodeIgniter\Debug\Exceptions->errorHandler(2, 'Attempt to read property "fk_id_curso" on array', 'APPPATH\\Views\\pages\\FormularioClassificatorio_view.php', 138)
 2 SYSTEMPATH\View\View.php(213): include('APPPATH\\Views\\pages\\FormularioClassificatorio_view.php')
 3 SYSTEMPATH\View\View.php(216): CodeIgniter\View\View->CodeIgniter\View\{closure}()
 4 SYSTEMPATH\Common.php(1177): CodeIgniter\View\View->render('/pages/FormularioClassificatorio_view', [], true)
 5 APPPATH\Views\layoutLogado.php(3): view('/pages/FormularioClassificatorio_view')
 6 SYSTEMPATH\View\View.php(213): include('APPPATH\\Views\\layoutLogado.php')
 7 SYSTEMPATH\View\View.php(216): CodeIgniter\View\View->CodeIgniter\View\{closure}()
 8 SYSTEMPATH\Common.php(1177): CodeIgniter\View\View->render('layoutLogado', [], true)
 9 APPPATH\Controllers\Cadastros.php(296): view('layoutLogado', [...])
10 SYSTEMPATH\CodeIgniter.php(934): App\Controllers\Cadastros->dadosClassificatorios('23', '16', '2851')
11 SYSTEMPATH\CodeIgniter.php(499): CodeIgniter\CodeIgniter->runController(Object(App\Controllers\Cadastros))
12 SYSTEMPATH\CodeIgniter.php(368): CodeIgniter\CodeIgniter->handleRequest(null, Object(Config\Cache), false)
13 FCPATH\index.php(67): CodeIgniter\CodeIgniter->run()
CRITICAL - 2026-03-26 14:25:19 --> syntax error, unexpected variable "$cadastradosExperiencias"
in APPPATH\Controllers\Cadastros.php on line 239.
 1 SYSTEMPATH\Autoloader\Autoloader.php(289): CodeIgniter\Autoloader\Autoloader->includeFile('APPPATH\\Controllers\\Cadastros.php')
 2 SYSTEMPATH\Autoloader\Autoloader.php(267): CodeIgniter\Autoloader\Autoloader->loadInNamespace('App\\Controllers\\Cadastros')
 3 [internal function]: CodeIgniter\Autoloader\Autoloader->loadClass('App\\Controllers\\Cadastros')
 4 SYSTEMPATH\CodeIgniter.php(892): class_exists('\\App\\Controllers\\Cadastros', true)
 5 SYSTEMPATH\CodeIgniter.php(486): CodeIgniter\CodeIgniter->startController()
 6 SYSTEMPATH\CodeIgniter.php(368): CodeIgniter\CodeIgniter->handleRequest(null, Object(Config\Cache), false)
 7 FCPATH\index.php(67): CodeIgniter\CodeIgniter->run()
CRITICAL - 2026-03-26 14:26:38 --> Undefined array key "ds_nome_aperfeicoamento"
in APPPATH\Views\pages\FormularioClassificatorio_view.php on line 143.
 1 APPPATH\Views\pages\FormularioClassificatorio_view.php(143): CodeIgniter\Debug\Exceptions->errorHandler(2, 'Undefined array key "ds_nome_aperfeicoamento"', 'APPPATH\\Views\\pages\\FormularioClassificatorio_view.php', 143)
 2 SYSTEMPATH\View\View.php(213): include('APPPATH\\Views\\pages\\FormularioClassificatorio_view.php')
 3 SYSTEMPATH\View\View.php(216): CodeIgniter\View\View->CodeIgniter\View\{closure}()
 4 SYSTEMPATH\Common.php(1177): CodeIgniter\View\View->render('/pages/FormularioClassificatorio_view', [], true)
 5 APPPATH\Views\layoutLogado.php(3): view('/pages/FormularioClassificatorio_view')
 6 SYSTEMPATH\View\View.php(213): include('APPPATH\\Views\\layoutLogado.php')
 7 SYSTEMPATH\View\View.php(216): CodeIgniter\View\View->CodeIgniter\View\{closure}()
 8 SYSTEMPATH\Common.php(1177): CodeIgniter\View\View->render('layoutLogado', [], true)
 9 APPPATH\Controllers\Cadastros.php(296): view('layoutLogado', [...])
10 SYSTEMPATH\CodeIgniter.php(934): App\Controllers\Cadastros->dadosClassificatorios('23', '16', '2851')
11 SYSTEMPATH\CodeIgniter.php(499): CodeIgniter\CodeIgniter->runController(Object(App\Controllers\Cadastros))
12 SYSTEMPATH\CodeIgniter.php(368): CodeIgniter\CodeIgniter->handleRequest(null, Object(Config\Cache), false)
13 FCPATH\index.php(67): CodeIgniter\CodeIgniter->run()
CRITICAL - 2026-03-26 14:28:58 --> Undefined variable $acao
in APPPATH\Views\pages\FormularioClassificatorio_view.php on line 163.
 1 APPPATH\Views\pages\FormularioClassificatorio_view.php(163): CodeIgniter\Debug\Exceptions->errorHandler(2, 'Undefined variable $acao', 'APPPATH\\Views\\pages\\FormularioClassificatorio_view.php', 163)
 2 SYSTEMPATH\View\View.php(213): include('APPPATH\\Views\\pages\\FormularioClassificatorio_view.php')
 3 SYSTEMPATH\View\View.php(216): CodeIgniter\View\View->CodeIgniter\View\{closure}()
 4 SYSTEMPATH\Common.php(1177): CodeIgniter\View\View->render('/pages/FormularioClassificatorio_view', [], true)
 5 APPPATH\Views\layoutLogado.php(3): view('/pages/FormularioClassificatorio_view')
 6 SYSTEMPATH\View\View.php(213): include('APPPATH\\Views\\layoutLogado.php')
 7 SYSTEMPATH\View\View.php(216): CodeIgniter\View\View->CodeIgniter\View\{closure}()
 8 SYSTEMPATH\Common.php(1177): CodeIgniter\View\View->render('layoutLogado', [], true)
 9 APPPATH\Controllers\Cadastros.php(296): view('layoutLogado', [...])
10 SYSTEMPATH\CodeIgniter.php(934): App\Controllers\Cadastros->dadosClassificatorios('23', '16', '2851')
11 SYSTEMPATH\CodeIgniter.php(499): CodeIgniter\CodeIgniter->runController(Object(App\Controllers\Cadastros))
12 SYSTEMPATH\CodeIgniter.php(368): CodeIgniter\CodeIgniter->handleRequest(null, Object(Config\Cache), false)
13 FCPATH\index.php(67): CodeIgniter\CodeIgniter->run()
ERROR - 2026-03-26 15:15:27 --> mysqli_sql_exception: Unknown column 'tb_cargos_experiencias_editais.fk_id_edital' in 'field list' in C:\laragon\www\servicos\procseletivos\system\Database\MySQLi\Connection.php:295
Stack trace:
#0 C:\laragon\www\servicos\procseletivos\system\Database\MySQLi\Connection.php(295): mysqli->query('SELECT `tb_carg...', 0)
#1 C:\laragon\www\servicos\procseletivos\system\Database\BaseConnection.php(691): CodeIgniter\Database\MySQLi\Connection->execute('SELECT `tb_carg...')
#2 C:\laragon\www\servicos\procseletivos\system\Database\BaseConnection.php(605): CodeIgniter\Database\BaseConnection->simpleQuery('SELECT `tb_carg...')
#3 C:\laragon\www\servicos\procseletivos\system\Database\BaseBuilder.php(1602): CodeIgniter\Database\BaseConnection->query('SELECT `tb_carg...', Array, false)
#4 C:\laragon\www\servicos\procseletivos\app\Models\ExperienciasModel.php(41): CodeIgniter\Database\BaseBuilder->get()
#5 C:\laragon\www\servicos\procseletivos\app\Controllers\Cadastros.php(228): App\Models\ExperienciasModel->listarExperienciaDoCargo('23', '16')
#6 C:\laragon\www\servicos\procseletivos\system\CodeIgniter.php(934): App\Controllers\Cadastros->dadosClassificatorios('23', '16', '2851')
#7 C:\laragon\www\servicos\procseletivos\system\CodeIgniter.php(499): CodeIgniter\CodeIgniter->runController(Object(App\Controllers\Cadastros))
#8 C:\laragon\www\servicos\procseletivos\system\CodeIgniter.php(368): CodeIgniter\CodeIgniter->handleRequest(NULL, Object(Config\Cache), false)
#9 C:\laragon\www\servicos\procseletivos\index.php(67): CodeIgniter\CodeIgniter->run()
#10 {main}
CRITICAL - 2026-03-26 15:15:27 --> Unknown column 'tb_cargos_experiencias_editais.fk_id_edital' in 'field list'
in SYSTEMPATH\Database\BaseConnection.php on line 645.
 1 SYSTEMPATH\Database\BaseBuilder.php(1602): CodeIgniter\Database\BaseConnection->query('SELECT `tb_cargos_experiencias_editais`.`fk_id_edital`, `tb_cargos_experiencias_editais`.`fk_id_cargo`, `tb_cargos_experiencias_editais`.`fk_id_experiencia`, `tb_experiencias`.`ds_nome_experiencia`, `tb_cargos_experiencias_editais`.`ds_tipo_campo`, `tb_cargos`.`ds_nome_cargo`, `tb_cargos_experiencias_editais`.`ds_quantidade_minima`, `tb_cargos_experiencias_editais`.`ds_quantidade_maxima`, `tb_experiencias`.`ds_tipo_experiencia`, `tb_cargos_experiencias_editais`.`ds_obrigatorio`, `tb_cargos_experiencias_editais`.`ds_multiplicador`
FROM `tb_cargos_experiencias_editais`
JOIN `tb_experiencias` ON `tb_experiencias`.`pk_id_experiencia` = `tb_cargos_experiencias_editais`.`fk_id_experiencia`
JOIN `tb_cargos` ON `tb_cargos`.`pk_id_cargo` = `tb_cargos_experiencias_editais`.`fk_id_cargo`
WHERE `tb_cargos`.`pk_id_cargo` = :tb_cargos.pk_id_cargo:
ORDER BY `tb_cargos_experiencias_editais`.`ds_tipo_campo` ASC, `tb_experiencias`.`ds_tipo_experiencia` ASC', [...], false)
 2 APPPATH\Models\ExperienciasModel.php(41): CodeIgniter\Database\BaseBuilder->get()
 3 APPPATH\Controllers\Cadastros.php(228): App\Models\ExperienciasModel->listarExperienciaDoCargo('23', '16')
 4 SYSTEMPATH\CodeIgniter.php(934): App\Controllers\Cadastros->dadosClassificatorios('23', '16', '2851')
 5 SYSTEMPATH\CodeIgniter.php(499): CodeIgniter\CodeIgniter->runController(Object(App\Controllers\Cadastros))
 6 SYSTEMPATH\CodeIgniter.php(368): CodeIgniter\CodeIgniter->handleRequest(null, Object(Config\Cache), false)
 7 FCPATH\index.php(67): CodeIgniter\CodeIgniter->run()
ERROR - 2026-03-26 15:48:14 --> mysqli_sql_exception: Unknown column 'tb_cargos_aperfeicoamentos_editais.fk_id_edital' in 'field list' in C:\laragon\www\servicos\procseletivos\system\Database\MySQLi\Connection.php:295
Stack trace:
#0 C:\laragon\www\servicos\procseletivos\system\Database\MySQLi\Connection.php(295): mysqli->query('SELECT `tb_carg...', 0)
#1 C:\laragon\www\servicos\procseletivos\system\Database\BaseConnection.php(691): CodeIgniter\Database\MySQLi\Connection->execute('SELECT `tb_carg...')
#2 C:\laragon\www\servicos\procseletivos\system\Database\BaseConnection.php(605): CodeIgniter\Database\BaseConnection->simpleQuery('SELECT `tb_carg...')
#3 C:\laragon\www\servicos\procseletivos\system\Database\BaseBuilder.php(1602): CodeIgniter\Database\BaseConnection->query('SELECT `tb_carg...', Array, false)
#4 C:\laragon\www\servicos\procseletivos\app\Models\AperfeicoamentosModel.php(41): CodeIgniter\Database\BaseBuilder->get()
#5 C:\laragon\www\servicos\procseletivos\app\Controllers\Cadastros.php(235): App\Models\AperfeicoamentosModel->listarStatusAperfeicoamentos('4', '1')
#6 C:\laragon\www\servicos\procseletivos\system\CodeIgniter.php(934): App\Controllers\Cadastros->dadosClassificatorios('23', '4', '2851')
#7 C:\laragon\www\servicos\procseletivos\system\CodeIgniter.php(499): CodeIgniter\CodeIgniter->runController(Object(App\Controllers\Cadastros))
#8 C:\laragon\www\servicos\procseletivos\system\CodeIgniter.php(368): CodeIgniter\CodeIgniter->handleRequest(NULL, Object(Config\Cache), false)
#9 C:\laragon\www\servicos\procseletivos\index.php(67): CodeIgniter\CodeIgniter->run()
#10 {main}
CRITICAL - 2026-03-26 15:48:14 --> Unknown column 'tb_cargos_aperfeicoamentos_editais.fk_id_edital' in 'field list'
in SYSTEMPATH\Database\BaseConnection.php on line 645.
 1 SYSTEMPATH\Database\BaseBuilder.php(1602): CodeIgniter\Database\BaseConnection->query('SELECT `tb_cargos_aperfeicoamentos_editais`.`fk_id_edital`, `tb_cargos`.`pk_id_cargo`, `tb_cargos_aperfeicoamentos_editais`.`fk_id_curso`, `tb_cursos_aperfeicoamentos`.`ds_nome_curso`, `tb_cargos_aperfeicoamentos_editais`.`ds_obrigatorio`, `tb_cargos_aperfeicoamentos_editais`.`ds_tipo_campo`, `tb_cargos_aperfeicoamentos_editais`.`ds_pontuacao_minima`, `tb_cargos_aperfeicoamentos_editais`.`ds_pontuacao_maxima`
FROM `tb_cargos_aperfeicoamentos_editais`
JOIN `tb_cursos_aperfeicoamentos` ON `tb_cargos_aperfeicoamentos_editais`.`fk_id_curso` = `tb_cursos_aperfeicoamentos`.`pk_id_curso`
JOIN `tb_cargos` ON `tb_cargos_aperfeicoamentos_editais`.`fk_id_cargo` = `tb_cargos`.`pk_id_cargo`
WHERE `tb_cargos`.`pk_id_cargo` = :tb_cargos.pk_id_cargo:
AND `tb_cargos_aperfeicoamentos_editais`.`ds_obrigatorio` = :tb_cargos_aperfeicoamentos_editais.ds_obrigatorio:', [...], false)
 2 APPPATH\Models\AperfeicoamentosModel.php(41): CodeIgniter\Database\BaseBuilder->get()
 3 APPPATH\Controllers\Cadastros.php(235): App\Models\AperfeicoamentosModel->listarStatusAperfeicoamentos('4', '1')
 4 SYSTEMPATH\CodeIgniter.php(934): App\Controllers\Cadastros->dadosClassificatorios('23', '4', '2851')
 5 SYSTEMPATH\CodeIgniter.php(499): CodeIgniter\CodeIgniter->runController(Object(App\Controllers\Cadastros))
 6 SYSTEMPATH\CodeIgniter.php(368): CodeIgniter\CodeIgniter->handleRequest(null, Object(Config\Cache), false)
 7 FCPATH\index.php(67): CodeIgniter\CodeIgniter->run()
