CRITICAL - 2026-04-06 08:39:08 --> The action you requested is not allowed.
in SYSTEMPATH\Security\Security.php on line 306.
 1 SYSTEMPATH\Security\Security.php(306): CodeIgniter\Security\Exceptions\SecurityException::forDisallowedAction()
 2 SYSTEMPATH\Filters\CSRF.php(55): CodeIgniter\Security\Security->verify(Object(CodeIgniter\HTTP\IncomingRequest))
 3 SYSTEMPATH\Filters\Filters.php(173): CodeIgniter\Filters\CSRF->before(Object(CodeIgniter\HTTP\IncomingRequest), null)
 4 SYSTEMPATH\CodeIgniter.php(473): CodeIgniter\Filters\Filters->run('Cadastros/registrarDadosClassificatorios', 'before')
 5 SYSTEMPATH\CodeIgniter.php(368): CodeIgniter\CodeIgniter->handleRequest(null, Object(Config\Cache), false)
 6 FCPATH\index.php(67): CodeIgniter\CodeIgniter->run()
CRITICAL - 2026-04-06 08:39:34 --> The action you requested is not allowed.
in SYSTEMPATH\Security\Security.php on line 306.
 1 SYSTEMPATH\Security\Security.php(306): CodeIgniter\Security\Exceptions\SecurityException::forDisallowedAction()
 2 SYSTEMPATH\Filters\CSRF.php(55): CodeIgniter\Security\Security->verify(Object(CodeIgniter\HTTP\IncomingRequest))
 3 SYSTEMPATH\Filters\Filters.php(173): CodeIgniter\Filters\CSRF->before(Object(CodeIgniter\HTTP\IncomingRequest), null)
 4 SYSTEMPATH\CodeIgniter.php(473): CodeIgniter\Filters\Filters->run('Cadastros/registrarDadosClassificatorios', 'before')
 5 SYSTEMPATH\CodeIgniter.php(368): CodeIgniter\CodeIgniter->handleRequest(null, Object(Config\Cache), false)
 6 FCPATH\index.php(67): CodeIgniter\CodeIgniter->run()
CRITICAL - 2026-04-06 08:39:42 --> Class "App\Model\CargosExperienciasEditaisModel" not found
in APPPATH\Controllers\Cadastros.php on line 411.
 1 SYSTEMPATH\CodeIgniter.php(934): App\Controllers\Cadastros->registrarDadosClassificatorios()
 2 SYSTEMPATH\CodeIgniter.php(499): CodeIgniter\CodeIgniter->runController(Object(App\Controllers\Cadastros))
 3 SYSTEMPATH\CodeIgniter.php(368): CodeIgniter\CodeIgniter->handleRequest(null, Object(Config\Cache), false)
 4 FCPATH\index.php(67): CodeIgniter\CodeIgniter->run()
CRITICAL - 2026-04-06 08:41:00 --> Class "App\Model\CargosExperienciasEditaisModel" not found
in APPPATH\Controllers\Cadastros.php on line 411.
 1 SYSTEMPATH\CodeIgniter.php(934): App\Controllers\Cadastros->registrarDadosClassificatorios()
 2 SYSTEMPATH\CodeIgniter.php(499): CodeIgniter\CodeIgniter->runController(Object(App\Controllers\Cadastros))
 3 SYSTEMPATH\CodeIgniter.php(368): CodeIgniter\CodeIgniter->handleRequest(null, Object(Config\Cache), false)
 4 FCPATH\index.php(67): CodeIgniter\CodeIgniter->run()
ERROR - 2026-04-06 08:41:36 --> mysqli_sql_exception: Unknown column 'fk_id_edital' in 'where clause' in C:\laragon\www\servicos\procseletivos\system\Database\MySQLi\Connection.php:295
Stack trace:
#0 C:\laragon\www\servicos\procseletivos\system\Database\MySQLi\Connection.php(295): mysqli->query('SELECT *\nFROM `...', 0)
#1 C:\laragon\www\servicos\procseletivos\system\Database\BaseConnection.php(691): CodeIgniter\Database\MySQLi\Connection->execute('SELECT *\nFROM `...')
#2 C:\laragon\www\servicos\procseletivos\system\Database\BaseConnection.php(605): CodeIgniter\Database\BaseConnection->simpleQuery('SELECT *\nFROM `...')
#3 C:\laragon\www\servicos\procseletivos\system\Database\BaseBuilder.php(1602): CodeIgniter\Database\BaseConnection->query('SELECT *\nFROM `...', Array, false)
#4 C:\laragon\www\servicos\procseletivos\system\Model.php(240): CodeIgniter\Database\BaseBuilder->get()
#5 C:\laragon\www\servicos\procseletivos\system\BaseModel.php(618): CodeIgniter\Model->doFindAll(0, 0)
#6 C:\laragon\www\servicos\procseletivos\app\Controllers\Cadastros.php(414): CodeIgniter\BaseModel->findAll()
#7 C:\laragon\www\servicos\procseletivos\system\CodeIgniter.php(934): App\Controllers\Cadastros->registrarDadosClassificatorios()
#8 C:\laragon\www\servicos\procseletivos\system\CodeIgniter.php(499): CodeIgniter\CodeIgniter->runController(Object(App\Controllers\Cadastros))
#9 C:\laragon\www\servicos\procseletivos\system\CodeIgniter.php(368): CodeIgniter\CodeIgniter->handleRequest(NULL, Object(Config\Cache), false)
#10 C:\laragon\www\servicos\procseletivos\index.php(67): CodeIgniter\CodeIgniter->run()
#11 {main}
CRITICAL - 2026-04-06 08:41:36 --> Unknown column 'fk_id_edital' in 'where clause'
in SYSTEMPATH\Database\BaseConnection.php on line 645.
 1 SYSTEMPATH\Database\BaseBuilder.php(1602): CodeIgniter\Database\BaseConnection->query('SELECT *
FROM `tb_cargos_experiencias_editais`
WHERE `fk_id_cargo` = :fk_id_cargo:
AND `fk_id_edital` = :fk_id_edital:', [...], false)
 2 SYSTEMPATH\Model.php(240): CodeIgniter\Database\BaseBuilder->get()
 3 SYSTEMPATH\BaseModel.php(618): CodeIgniter\Model->doFindAll(0, 0)
 4 APPPATH\Controllers\Cadastros.php(414): CodeIgniter\BaseModel->findAll()
 5 SYSTEMPATH\CodeIgniter.php(934): App\Controllers\Cadastros->registrarDadosClassificatorios()
 6 SYSTEMPATH\CodeIgniter.php(499): CodeIgniter\CodeIgniter->runController(Object(App\Controllers\Cadastros))
 7 SYSTEMPATH\CodeIgniter.php(368): CodeIgniter\CodeIgniter->handleRequest(null, Object(Config\Cache), false)
 8 FCPATH\index.php(67): CodeIgniter\CodeIgniter->run()
CRITICAL - 2026-04-06 08:44:41 --> Undefined variable $idEdital
in APPPATH\Controllers\Cadastros.php on line 425.
 1 APPPATH\Controllers\Cadastros.php(425): CodeIgniter\Debug\Exceptions->errorHandler(2, 'Undefined variable $idEdital', 'APPPATH\\Controllers\\Cadastros.php', 425)
 2 SYSTEMPATH\CodeIgniter.php(934): App\Controllers\Cadastros->registrarDadosClassificatorios()
 3 SYSTEMPATH\CodeIgniter.php(499): CodeIgniter\CodeIgniter->runController(Object(App\Controllers\Cadastros))
 4 SYSTEMPATH\CodeIgniter.php(368): CodeIgniter\CodeIgniter->handleRequest(null, Object(Config\Cache), false)
 5 FCPATH\index.php(67): CodeIgniter\CodeIgniter->run()
CRITICAL - 2026-04-06 08:45:06 --> Undefined variable $valueExperiencias
in APPPATH\Controllers\Cadastros.php on line 430.
 1 APPPATH\Controllers\Cadastros.php(430): CodeIgniter\Debug\Exceptions->errorHandler(2, 'Undefined variable $valueExperiencias', 'APPPATH\\Controllers\\Cadastros.php', 430)
 2 SYSTEMPATH\CodeIgniter.php(934): App\Controllers\Cadastros->registrarDadosClassificatorios()
 3 SYSTEMPATH\CodeIgniter.php(499): CodeIgniter\CodeIgniter->runController(Object(App\Controllers\Cadastros))
 4 SYSTEMPATH\CodeIgniter.php(368): CodeIgniter\CodeIgniter->handleRequest(null, Object(Config\Cache), false)
 5 FCPATH\index.php(67): CodeIgniter\CodeIgniter->run()
CRITICAL - 2026-04-06 08:45:23 --> Cannot use object of type stdClass as array
in APPPATH\Controllers\Cadastros.php on line 430.
 1 SYSTEMPATH\CodeIgniter.php(934): App\Controllers\Cadastros->registrarDadosClassificatorios()
 2 SYSTEMPATH\CodeIgniter.php(499): CodeIgniter\CodeIgniter->runController(Object(App\Controllers\Cadastros))
 3 SYSTEMPATH\CodeIgniter.php(368): CodeIgniter\CodeIgniter->handleRequest(null, Object(Config\Cache), false)
 4 FCPATH\index.php(67): CodeIgniter\CodeIgniter->run()
CRITICAL - 2026-04-06 09:27:28 --> Class "App\Models\CargosApefeicoamentosEditaisModel" not found
in APPPATH\Controllers\Cadastros.php on line 454.
 1 SYSTEMPATH\CodeIgniter.php(934): App\Controllers\Cadastros->registrarDadosClassificatorios()
 2 SYSTEMPATH\CodeIgniter.php(499): CodeIgniter\CodeIgniter->runController(Object(App\Controllers\Cadastros))
 3 SYSTEMPATH\CodeIgniter.php(368): CodeIgniter\CodeIgniter->handleRequest(null, Object(Config\Cache), false)
 4 FCPATH\index.php(67): CodeIgniter\CodeIgniter->run()
CRITICAL - 2026-04-06 09:27:49 --> Class "App\Controllers\CargosAperfeicoamentosEditaisModel" not found
in APPPATH\Controllers\Cadastros.php on line 454.
 1 SYSTEMPATH\CodeIgniter.php(934): App\Controllers\Cadastros->registrarDadosClassificatorios()
 2 SYSTEMPATH\CodeIgniter.php(499): CodeIgniter\CodeIgniter->runController(Object(App\Controllers\Cadastros))
 3 SYSTEMPATH\CodeIgniter.php(368): CodeIgniter\CodeIgniter->handleRequest(null, Object(Config\Cache), false)
 4 FCPATH\index.php(67): CodeIgniter\CodeIgniter->run()
CRITICAL - 2026-04-06 09:28:04 --> Undefined property: stdClass::$fk_id_aperfeicoamento
in APPPATH\Controllers\Cadastros.php on line 460.
 1 APPPATH\Controllers\Cadastros.php(460): CodeIgniter\Debug\Exceptions->errorHandler(2, 'Undefined property: stdClass::$fk_id_aperfeicoamento', 'APPPATH\\Controllers\\Cadastros.php', 460)
 2 SYSTEMPATH\CodeIgniter.php(934): App\Controllers\Cadastros->registrarDadosClassificatorios()
 3 SYSTEMPATH\CodeIgniter.php(499): CodeIgniter\CodeIgniter->runController(Object(App\Controllers\Cadastros))
 4 SYSTEMPATH\CodeIgniter.php(368): CodeIgniter\CodeIgniter->handleRequest(null, Object(Config\Cache), false)
 5 FCPATH\index.php(67): CodeIgniter\CodeIgniter->run()
CRITICAL - 2026-04-06 09:28:58 --> Undefined property: stdClass::$fk_id_aperfeicoamento
in APPPATH\Controllers\Cadastros.php on line 463.
 1 APPPATH\Controllers\Cadastros.php(463): CodeIgniter\Debug\Exceptions->errorHandler(2, 'Undefined property: stdClass::$fk_id_aperfeicoamento', 'APPPATH\\Controllers\\Cadastros.php', 463)
 2 SYSTEMPATH\CodeIgniter.php(934): App\Controllers\Cadastros->registrarDadosClassificatorios()
 3 SYSTEMPATH\CodeIgniter.php(499): CodeIgniter\CodeIgniter->runController(Object(App\Controllers\Cadastros))
 4 SYSTEMPATH\CodeIgniter.php(368): CodeIgniter\CodeIgniter->handleRequest(null, Object(Config\Cache), false)
 5 FCPATH\index.php(67): CodeIgniter\CodeIgniter->run()
CRITICAL - 2026-04-06 09:31:41 --> Attempt to read property "ds_pontuacao_minima" on array
in APPPATH\Views\pages\FormularioClassificatorio_view.php on line 152.
 1 APPPATH\Views\pages\FormularioClassificatorio_view.php(152): CodeIgniter\Debug\Exceptions->errorHandler(2, 'Attempt to read property "ds_pontuacao_minima" on array', 'APPPATH\\Views\\pages\\FormularioClassificatorio_view.php', 152)
 2 SYSTEMPATH\View\View.php(213): include('APPPATH\\Views\\pages\\FormularioClassificatorio_view.php')
 3 SYSTEMPATH\View\View.php(216): CodeIgniter\View\View->CodeIgniter\View\{closure}()
 4 SYSTEMPATH\Common.php(1177): CodeIgniter\View\View->render('/pages/FormularioClassificatorio_view', [], true)
 5 APPPATH\Views\layoutLogado.php(3): view('/pages/FormularioClassificatorio_view')
 6 SYSTEMPATH\View\View.php(213): include('APPPATH\\Views\\layoutLogado.php')
 7 SYSTEMPATH\View\View.php(216): CodeIgniter\View\View->CodeIgniter\View\{closure}()
 8 SYSTEMPATH\Common.php(1177): CodeIgniter\View\View->render('layoutLogado', [], true)
 9 APPPATH\Controllers\Cadastros.php(297): view('layoutLogado', [...])
10 SYSTEMPATH\CodeIgniter.php(934): App\Controllers\Cadastros->dadosClassificatorios('23', '16', '2851')
11 SYSTEMPATH\CodeIgniter.php(499): CodeIgniter\CodeIgniter->runController(Object(App\Controllers\Cadastros))
12 SYSTEMPATH\CodeIgniter.php(368): CodeIgniter\CodeIgniter->handleRequest(null, Object(Config\Cache), false)
13 FCPATH\index.php(67): CodeIgniter\CodeIgniter->run()
CRITICAL - 2026-04-06 09:54:16 --> Illegal offset type in isset or empty
in SYSTEMPATH\Model.php on line 719.
 1 APPPATH\Controllers\Cadastros.php(565): CodeIgniter\Model->insert([...])
 2 APPPATH\Controllers\Cadastros.php(433): App\Controllers\Cadastros->gravarExperiencia('2472', [...])
 3 SYSTEMPATH\CodeIgniter.php(934): App\Controllers\Cadastros->registrarDadosClassificatorios()
 4 SYSTEMPATH\CodeIgniter.php(499): CodeIgniter\CodeIgniter->runController(Object(App\Controllers\Cadastros))
 5 SYSTEMPATH\CodeIgniter.php(368): CodeIgniter\CodeIgniter->handleRequest(null, Object(Config\Cache), false)
 6 FCPATH\index.php(67): CodeIgniter\CodeIgniter->run()
CRITICAL - 2026-04-06 09:56:00 --> Illegal offset type in isset or empty
in SYSTEMPATH\Model.php on line 719.
 1 APPPATH\Controllers\Cadastros.php(566): CodeIgniter\Model->insert([...])
 2 APPPATH\Controllers\Cadastros.php(433): App\Controllers\Cadastros->gravarExperiencia('2472', [...])
 3 SYSTEMPATH\CodeIgniter.php(934): App\Controllers\Cadastros->registrarDadosClassificatorios()
 4 SYSTEMPATH\CodeIgniter.php(499): CodeIgniter\CodeIgniter->runController(Object(App\Controllers\Cadastros))
 5 SYSTEMPATH\CodeIgniter.php(368): CodeIgniter\CodeIgniter->handleRequest(null, Object(Config\Cache), false)
 6 FCPATH\index.php(67): CodeIgniter\CodeIgniter->run()
CRITICAL - 2026-04-06 09:57:34 --> Illegal offset type in isset or empty
in SYSTEMPATH\Model.php on line 719.
 1 APPPATH\Controllers\Cadastros.php(566): CodeIgniter\Model->insert([...])
 2 APPPATH\Controllers\Cadastros.php(433): App\Controllers\Cadastros->gravarExperiencia('2472', [...])
 3 SYSTEMPATH\CodeIgniter.php(934): App\Controllers\Cadastros->registrarDadosClassificatorios()
 4 SYSTEMPATH\CodeIgniter.php(499): CodeIgniter\CodeIgniter->runController(Object(App\Controllers\Cadastros))
 5 SYSTEMPATH\CodeIgniter.php(368): CodeIgniter\CodeIgniter->handleRequest(null, Object(Config\Cache), false)
 6 FCPATH\index.php(67): CodeIgniter\CodeIgniter->run()
CRITICAL - 2026-04-06 09:59:06 --> Illegal offset type in isset or empty
in SYSTEMPATH\Model.php on line 719.
 1 APPPATH\Controllers\Cadastros.php(566): CodeIgniter\Model->insert([...])
 2 APPPATH\Controllers\Cadastros.php(433): App\Controllers\Cadastros->gravarExperiencia('2472', [...])
 3 SYSTEMPATH\CodeIgniter.php(934): App\Controllers\Cadastros->registrarDadosClassificatorios()
 4 SYSTEMPATH\CodeIgniter.php(499): CodeIgniter\CodeIgniter->runController(Object(App\Controllers\Cadastros))
 5 SYSTEMPATH\CodeIgniter.php(368): CodeIgniter\CodeIgniter->handleRequest(null, Object(Config\Cache), false)
 6 FCPATH\index.php(67): CodeIgniter\CodeIgniter->run()
CRITICAL - 2026-04-06 10:02:30 --> Illegal offset type in isset or empty
in SYSTEMPATH\Model.php on line 719.
 1 APPPATH\Controllers\Cadastros.php(587): CodeIgniter\Model->insert([...])
 2 APPPATH\Controllers\Cadastros.php(455): App\Controllers\Cadastros->gravarEscolaridade('2472', [...])
 3 SYSTEMPATH\CodeIgniter.php(934): App\Controllers\Cadastros->registrarDadosClassificatorios()
 4 SYSTEMPATH\CodeIgniter.php(499): CodeIgniter\CodeIgniter->runController(Object(App\Controllers\Cadastros))
 5 SYSTEMPATH\CodeIgniter.php(368): CodeIgniter\CodeIgniter->handleRequest(null, Object(Config\Cache), false)
 6 FCPATH\index.php(67): CodeIgniter\CodeIgniter->run()
CRITICAL - 2026-04-06 10:19:03 --> Undefined variable $dadosAperfeicoamentos
in APPPATH\Controllers\Cadastros.php on line 478.
 1 APPPATH\Controllers\Cadastros.php(478): CodeIgniter\Debug\Exceptions->errorHandler(2, 'Undefined variable $dadosAperfeicoamentos', 'APPPATH\\Controllers\\Cadastros.php', 478)
 2 SYSTEMPATH\CodeIgniter.php(934): App\Controllers\Cadastros->registrarDadosClassificatorios()
 3 SYSTEMPATH\CodeIgniter.php(499): CodeIgniter\CodeIgniter->runController(Object(App\Controllers\Cadastros))
 4 SYSTEMPATH\CodeIgniter.php(368): CodeIgniter\CodeIgniter->handleRequest(null, Object(Config\Cache), false)
 5 FCPATH\index.php(67): CodeIgniter\CodeIgniter->run()
CRITICAL - 2026-04-06 10:19:29 --> Undefined variable $dadosAperfeicoamentos
in APPPATH\Controllers\Cadastros.php on line 478.
 1 APPPATH\Controllers\Cadastros.php(478): CodeIgniter\Debug\Exceptions->errorHandler(2, 'Undefined variable $dadosAperfeicoamentos', 'APPPATH\\Controllers\\Cadastros.php', 478)
 2 SYSTEMPATH\CodeIgniter.php(934): App\Controllers\Cadastros->registrarDadosClassificatorios()
 3 SYSTEMPATH\CodeIgniter.php(499): CodeIgniter\CodeIgniter->runController(Object(App\Controllers\Cadastros))
 4 SYSTEMPATH\CodeIgniter.php(368): CodeIgniter\CodeIgniter->handleRequest(null, Object(Config\Cache), false)
 5 FCPATH\index.php(67): CodeIgniter\CodeIgniter->run()
CRITICAL - 2026-04-06 10:44:03 --> Undefined constant "App\Controllers\escolaridadesClassificatorias"
in APPPATH\Controllers\Cadastros.php on line 271.
 1 SYSTEMPATH\CodeIgniter.php(934): App\Controllers\Cadastros->dadosClassificatorios('23', '16', '2472')
 2 SYSTEMPATH\CodeIgniter.php(499): CodeIgniter\CodeIgniter->runController(Object(App\Controllers\Cadastros))
 3 SYSTEMPATH\CodeIgniter.php(368): CodeIgniter\CodeIgniter->handleRequest(null, Object(Config\Cache), false)
 4 FCPATH\index.php(67): CodeIgniter\CodeIgniter->run()
CRITICAL - 2026-04-06 11:00:26 --> Undefined variable $idsEscolaridadesCandidato
in APPPATH\Views\pages\FormularioClassificatorio_view.php on line 112.
 1 APPPATH\Views\pages\FormularioClassificatorio_view.php(112): CodeIgniter\Debug\Exceptions->errorHandler(2, 'Undefined variable $idsEscolaridadesCandidato', 'APPPATH\\Views\\pages\\FormularioClassificatorio_view.php', 112)
 2 SYSTEMPATH\View\View.php(213): include('APPPATH\\Views\\pages\\FormularioClassificatorio_view.php')
 3 SYSTEMPATH\View\View.php(216): CodeIgniter\View\View->CodeIgniter\View\{closure}()
 4 SYSTEMPATH\Common.php(1177): CodeIgniter\View\View->render('/pages/FormularioClassificatorio_view', [], true)
 5 APPPATH\Views\layoutLogado.php(3): view('/pages/FormularioClassificatorio_view')
 6 SYSTEMPATH\View\View.php(213): include('APPPATH\\Views\\layoutLogado.php')
 7 SYSTEMPATH\View\View.php(216): CodeIgniter\View\View->CodeIgniter\View\{closure}()
 8 SYSTEMPATH\Common.php(1177): CodeIgniter\View\View->render('layoutLogado', [], true)
 9 APPPATH\Controllers\Cadastros.php(296): view('layoutLogado', [...])
10 SYSTEMPATH\CodeIgniter.php(934): App\Controllers\Cadastros->dadosClassificatorios('23', '16', '2851')
11 SYSTEMPATH\CodeIgniter.php(499): CodeIgniter\CodeIgniter->runController(Object(App\Controllers\Cadastros))
12 SYSTEMPATH\CodeIgniter.php(368): CodeIgniter\CodeIgniter->handleRequest(null, Object(Config\Cache), false)
13 FCPATH\index.php(67): CodeIgniter\CodeIgniter->run()
CRITICAL - 2026-04-06 11:09:01 --> Undefined property: stdClass::$fk_id_aperfeicoamento
in APPPATH\Controllers\Cadastros.php on line 272.
 1 APPPATH\Controllers\Cadastros.php(272): CodeIgniter\Debug\Exceptions->errorHandler(2, 'Undefined property: stdClass::$fk_id_aperfeicoamento', 'APPPATH\\Controllers\\Cadastros.php', 272)
 2 SYSTEMPATH\CodeIgniter.php(934): App\Controllers\Cadastros->dadosClassificatorios('23', '16', '2472')
 3 SYSTEMPATH\CodeIgniter.php(499): CodeIgniter\CodeIgniter->runController(Object(App\Controllers\Cadastros))
 4 SYSTEMPATH\CodeIgniter.php(368): CodeIgniter\CodeIgniter->handleRequest(null, Object(Config\Cache), false)
 5 FCPATH\index.php(67): CodeIgniter\CodeIgniter->run()
CRITICAL - 2026-04-06 11:09:27 --> Attempt to read property "fk_id_curso" on array
in APPPATH\Views\pages\FormularioClassificatorio_view.php on line 148.
 1 APPPATH\Views\pages\FormularioClassificatorio_view.php(148): CodeIgniter\Debug\Exceptions->errorHandler(2, 'Attempt to read property "fk_id_curso" on array', 'APPPATH\\Views\\pages\\FormularioClassificatorio_view.php', 148)
 2 SYSTEMPATH\View\View.php(213): include('APPPATH\\Views\\pages\\FormularioClassificatorio_view.php')
 3 SYSTEMPATH\View\View.php(216): CodeIgniter\View\View->CodeIgniter\View\{closure}()
 4 SYSTEMPATH\Common.php(1177): CodeIgniter\View\View->render('/pages/FormularioClassificatorio_view', [], true)
 5 APPPATH\Views\layoutLogado.php(3): view('/pages/FormularioClassificatorio_view')
 6 SYSTEMPATH\View\View.php(213): include('APPPATH\\Views\\layoutLogado.php')
 7 SYSTEMPATH\View\View.php(216): CodeIgniter\View\View->CodeIgniter\View\{closure}()
 8 SYSTEMPATH\Common.php(1177): CodeIgniter\View\View->render('layoutLogado', [], true)
 9 APPPATH\Controllers\Cadastros.php(300): view('layoutLogado', [...])
10 SYSTEMPATH\CodeIgniter.php(934): App\Controllers\Cadastros->dadosClassificatorios('23', '16', '2472')
11 SYSTEMPATH\CodeIgniter.php(499): CodeIgniter\CodeIgniter->runController(Object(App\Controllers\Cadastros))
12 SYSTEMPATH\CodeIgniter.php(368): CodeIgniter\CodeIgniter->handleRequest(null, Object(Config\Cache), false)
13 FCPATH\index.php(67): CodeIgniter\CodeIgniter->run()
CRITICAL - 2026-04-06 11:10:58 --> Attempt to read property "fk_id_curso" on array
in APPPATH\Views\pages\FormularioClassificatorio_view.php on line 148.
 1 APPPATH\Views\pages\FormularioClassificatorio_view.php(148): CodeIgniter\Debug\Exceptions->errorHandler(2, 'Attempt to read property "fk_id_curso" on array', 'APPPATH\\Views\\pages\\FormularioClassificatorio_view.php', 148)
 2 SYSTEMPATH\View\View.php(213): include('APPPATH\\Views\\pages\\FormularioClassificatorio_view.php')
 3 SYSTEMPATH\View\View.php(216): CodeIgniter\View\View->CodeIgniter\View\{closure}()
 4 SYSTEMPATH\Common.php(1177): CodeIgniter\View\View->render('/pages/FormularioClassificatorio_view', [], true)
 5 APPPATH\Views\layoutLogado.php(3): view('/pages/FormularioClassificatorio_view')
 6 SYSTEMPATH\View\View.php(213): include('APPPATH\\Views\\layoutLogado.php')
 7 SYSTEMPATH\View\View.php(216): CodeIgniter\View\View->CodeIgniter\View\{closure}()
 8 SYSTEMPATH\Common.php(1177): CodeIgniter\View\View->render('layoutLogado', [], true)
 9 APPPATH\Controllers\Cadastros.php(300): view('layoutLogado', [...])
10 SYSTEMPATH\CodeIgniter.php(934): App\Controllers\Cadastros->dadosClassificatorios('23', '16', '2472')
11 SYSTEMPATH\CodeIgniter.php(499): CodeIgniter\CodeIgniter->runController(Object(App\Controllers\Cadastros))
12 SYSTEMPATH\CodeIgniter.php(368): CodeIgniter\CodeIgniter->handleRequest(null, Object(Config\Cache), false)
13 FCPATH\index.php(67): CodeIgniter\CodeIgniter->run()
CRITICAL - 2026-04-06 11:13:29 --> Attempt to read property "ds_nome_curso" on array
in APPPATH\Views\pages\FormularioClassificatorio_view.php on line 162.
 1 APPPATH\Views\pages\FormularioClassificatorio_view.php(162): CodeIgniter\Debug\Exceptions->errorHandler(2, 'Attempt to read property "ds_nome_curso" on array', 'APPPATH\\Views\\pages\\FormularioClassificatorio_view.php', 162)
 2 SYSTEMPATH\View\View.php(213): include('APPPATH\\Views\\pages\\FormularioClassificatorio_view.php')
 3 SYSTEMPATH\View\View.php(216): CodeIgniter\View\View->CodeIgniter\View\{closure}()
 4 SYSTEMPATH\Common.php(1177): CodeIgniter\View\View->render('/pages/FormularioClassificatorio_view', [], true)
 5 APPPATH\Views\layoutLogado.php(3): view('/pages/FormularioClassificatorio_view')
 6 SYSTEMPATH\View\View.php(213): include('APPPATH\\Views\\layoutLogado.php')
 7 SYSTEMPATH\View\View.php(216): CodeIgniter\View\View->CodeIgniter\View\{closure}()
 8 SYSTEMPATH\Common.php(1177): CodeIgniter\View\View->render('layoutLogado', [], true)
 9 APPPATH\Controllers\Cadastros.php(300): view('layoutLogado', [...])
10 SYSTEMPATH\CodeIgniter.php(934): App\Controllers\Cadastros->dadosClassificatorios('23', '16', '2472')
11 SYSTEMPATH\CodeIgniter.php(499): CodeIgniter\CodeIgniter->runController(Object(App\Controllers\Cadastros))
12 SYSTEMPATH\CodeIgniter.php(368): CodeIgniter\CodeIgniter->handleRequest(null, Object(Config\Cache), false)
13 FCPATH\index.php(67): CodeIgniter\CodeIgniter->run()
CRITICAL - 2026-04-06 11:29:30 --> The action you requested is not allowed.
in SYSTEMPATH\Security\Security.php on line 306.
 1 SYSTEMPATH\Security\Security.php(306): CodeIgniter\Security\Exceptions\SecurityException::forDisallowedAction()
 2 SYSTEMPATH\Filters\CSRF.php(55): CodeIgniter\Security\Security->verify(Object(CodeIgniter\HTTP\IncomingRequest))
 3 SYSTEMPATH\Filters\Filters.php(173): CodeIgniter\Filters\CSRF->before(Object(CodeIgniter\HTTP\IncomingRequest), null)
 4 SYSTEMPATH\CodeIgniter.php(473): CodeIgniter\Filters\Filters->run('Cadastros/registrarDadosClassificatorios', 'before')
 5 SYSTEMPATH\CodeIgniter.php(368): CodeIgniter\CodeIgniter->handleRequest(null, Object(Config\Cache), false)
 6 FCPATH\index.php(67): CodeIgniter\CodeIgniter->run()
CRITICAL - 2026-04-06 11:55:08 --> Undefined variable $dadosExperiencias
in APPPATH\Controllers\Cadastros.php on line 248.
 1 APPPATH\Controllers\Cadastros.php(248): CodeIgniter\Debug\Exceptions->errorHandler(2, 'Undefined variable $dadosExperiencias', 'APPPATH\\Controllers\\Cadastros.php', 248)
 2 SYSTEMPATH\CodeIgniter.php(934): App\Controllers\Cadastros->dadosClassificatorios('23', '16', '2472')
 3 SYSTEMPATH\CodeIgniter.php(499): CodeIgniter\CodeIgniter->runController(Object(App\Controllers\Cadastros))
 4 SYSTEMPATH\CodeIgniter.php(368): CodeIgniter\CodeIgniter->handleRequest(null, Object(Config\Cache), false)
 5 FCPATH\index.php(67): CodeIgniter\CodeIgniter->run()
CRITICAL - 2026-04-06 11:57:15 --> Undefined variable $alterarExperiencia
in APPPATH\Controllers\Cadastros.php on line 291.
 1 APPPATH\Controllers\Cadastros.php(291): CodeIgniter\Debug\Exceptions->errorHandler(2, 'Undefined variable $alterarExperiencia', 'APPPATH\\Controllers\\Cadastros.php', 291)
 2 SYSTEMPATH\CodeIgniter.php(934): App\Controllers\Cadastros->dadosClassificatorios('23', '16', '2472')
 3 SYSTEMPATH\CodeIgniter.php(499): CodeIgniter\CodeIgniter->runController(Object(App\Controllers\Cadastros))
 4 SYSTEMPATH\CodeIgniter.php(368): CodeIgniter\CodeIgniter->handleRequest(null, Object(Config\Cache), false)
 5 FCPATH\index.php(67): CodeIgniter\CodeIgniter->run()
CRITICAL - 2026-04-06 11:57:26 --> Undefined variable $dadosExperiencia
in APPPATH\Controllers\Cadastros.php on line 292.
 1 APPPATH\Controllers\Cadastros.php(292): CodeIgniter\Debug\Exceptions->errorHandler(2, 'Undefined variable $dadosExperiencia', 'APPPATH\\Controllers\\Cadastros.php', 292)
 2 SYSTEMPATH\CodeIgniter.php(934): App\Controllers\Cadastros->dadosClassificatorios('23', '16', '2472')
 3 SYSTEMPATH\CodeIgniter.php(499): CodeIgniter\CodeIgniter->runController(Object(App\Controllers\Cadastros))
 4 SYSTEMPATH\CodeIgniter.php(368): CodeIgniter\CodeIgniter->handleRequest(null, Object(Config\Cache), false)
 5 FCPATH\index.php(67): CodeIgniter\CodeIgniter->run()
CRITICAL - 2026-04-06 11:57:38 --> Undefined variable $dadosExperiencia
in APPPATH\Controllers\Cadastros.php on line 292.
 1 APPPATH\Controllers\Cadastros.php(292): CodeIgniter\Debug\Exceptions->errorHandler(2, 'Undefined variable $dadosExperiencia', 'APPPATH\\Controllers\\Cadastros.php', 292)
 2 SYSTEMPATH\CodeIgniter.php(934): App\Controllers\Cadastros->dadosClassificatorios('23', '16', '2472')
 3 SYSTEMPATH\CodeIgniter.php(499): CodeIgniter\CodeIgniter->runController(Object(App\Controllers\Cadastros))
 4 SYSTEMPATH\CodeIgniter.php(368): CodeIgniter\CodeIgniter->handleRequest(null, Object(Config\Cache), false)
 5 FCPATH\index.php(67): CodeIgniter\CodeIgniter->run()
CRITICAL - 2026-04-06 11:58:02 --> Undefined variable $experienciasExigidas
in APPPATH\Views\pages\FormularioClassificatorio_view.php on line 49.
 1 APPPATH\Views\pages\FormularioClassificatorio_view.php(49): CodeIgniter\Debug\Exceptions->errorHandler(2, 'Undefined variable $experienciasExigidas', 'APPPATH\\Views\\pages\\FormularioClassificatorio_view.php', 49)
 2 SYSTEMPATH\View\View.php(213): include('APPPATH\\Views\\pages\\FormularioClassificatorio_view.php')
 3 SYSTEMPATH\View\View.php(216): CodeIgniter\View\View->CodeIgniter\View\{closure}()
 4 SYSTEMPATH\Common.php(1177): CodeIgniter\View\View->render('/pages/FormularioClassificatorio_view', [], true)
 5 APPPATH\Views\layoutLogado.php(3): view('/pages/FormularioClassificatorio_view')
 6 SYSTEMPATH\View\View.php(213): include('APPPATH\\Views\\layoutLogado.php')
 7 SYSTEMPATH\View\View.php(216): CodeIgniter\View\View->CodeIgniter\View\{closure}()
 8 SYSTEMPATH\Common.php(1177): CodeIgniter\View\View->render('layoutLogado', [], true)
 9 APPPATH\Controllers\Cadastros.php(304): view('layoutLogado', [...])
10 SYSTEMPATH\CodeIgniter.php(934): App\Controllers\Cadastros->dadosClassificatorios('23', '16', '2472')
11 SYSTEMPATH\CodeIgniter.php(499): CodeIgniter\CodeIgniter->runController(Object(App\Controllers\Cadastros))
12 SYSTEMPATH\CodeIgniter.php(368): CodeIgniter\CodeIgniter->handleRequest(null, Object(Config\Cache), false)
13 FCPATH\index.php(67): CodeIgniter\CodeIgniter->run()
CRITICAL - 2026-04-06 11:59:43 --> Undefined variable $valueExperiencia
in APPPATH\Views\pages\FormularioClassificatorio_view.php on line 48.
 1 APPPATH\Views\pages\FormularioClassificatorio_view.php(48): CodeIgniter\Debug\Exceptions->errorHandler(2, 'Undefined variable $valueExperiencia', 'APPPATH\\Views\\pages\\FormularioClassificatorio_view.php', 48)
 2 SYSTEMPATH\View\View.php(213): include('APPPATH\\Views\\pages\\FormularioClassificatorio_view.php')
 3 SYSTEMPATH\View\View.php(216): CodeIgniter\View\View->CodeIgniter\View\{closure}()
 4 SYSTEMPATH\Common.php(1177): CodeIgniter\View\View->render('/pages/FormularioClassificatorio_view', [], true)
 5 APPPATH\Views\layoutLogado.php(3): view('/pages/FormularioClassificatorio_view')
 6 SYSTEMPATH\View\View.php(213): include('APPPATH\\Views\\layoutLogado.php')
 7 SYSTEMPATH\View\View.php(216): CodeIgniter\View\View->CodeIgniter\View\{closure}()
 8 SYSTEMPATH\Common.php(1177): CodeIgniter\View\View->render('layoutLogado', [], true)
 9 APPPATH\Controllers\Cadastros.php(304): view('layoutLogado', [...])
10 SYSTEMPATH\CodeIgniter.php(934): App\Controllers\Cadastros->dadosClassificatorios('23', '16', '2472')
11 SYSTEMPATH\CodeIgniter.php(499): CodeIgniter\CodeIgniter->runController(Object(App\Controllers\Cadastros))
12 SYSTEMPATH\CodeIgniter.php(368): CodeIgniter\CodeIgniter->handleRequest(null, Object(Config\Cache), false)
13 FCPATH\index.php(67): CodeIgniter\CodeIgniter->run()
CRITICAL - 2026-04-06 12:00:15 --> Undefined variable $alterarExperiencia
in APPPATH\Views\pages\FormularioClassificatorio_view.php on line 68.
 1 APPPATH\Views\pages\FormularioClassificatorio_view.php(68): CodeIgniter\Debug\Exceptions->errorHandler(2, 'Undefined variable $alterarExperiencia', 'APPPATH\\Views\\pages\\FormularioClassificatorio_view.php', 68)
 2 SYSTEMPATH\View\View.php(213): include('APPPATH\\Views\\pages\\FormularioClassificatorio_view.php')
 3 SYSTEMPATH\View\View.php(216): CodeIgniter\View\View->CodeIgniter\View\{closure}()
 4 SYSTEMPATH\Common.php(1177): CodeIgniter\View\View->render('/pages/FormularioClassificatorio_view', [], true)
 5 APPPATH\Views\layoutLogado.php(3): view('/pages/FormularioClassificatorio_view')
 6 SYSTEMPATH\View\View.php(213): include('APPPATH\\Views\\layoutLogado.php')
 7 SYSTEMPATH\View\View.php(216): CodeIgniter\View\View->CodeIgniter\View\{closure}()
 8 SYSTEMPATH\Common.php(1177): CodeIgniter\View\View->render('layoutLogado', [], true)
 9 APPPATH\Controllers\Cadastros.php(304): view('layoutLogado', [...])
10 SYSTEMPATH\CodeIgniter.php(934): App\Controllers\Cadastros->dadosClassificatorios('23', '16', '2472')
11 SYSTEMPATH\CodeIgniter.php(499): CodeIgniter\CodeIgniter->runController(Object(App\Controllers\Cadastros))
12 SYSTEMPATH\CodeIgniter.php(368): CodeIgniter\CodeIgniter->handleRequest(null, Object(Config\Cache), false)
13 FCPATH\index.php(67): CodeIgniter\CodeIgniter->run()
CRITICAL - 2026-04-06 12:00:41 --> Undefined variable $dadosExperiencia
in APPPATH\Views\pages\FormularioClassificatorio_view.php on line 71.
 1 APPPATH\Views\pages\FormularioClassificatorio_view.php(71): CodeIgniter\Debug\Exceptions->errorHandler(2, 'Undefined variable $dadosExperiencia', 'APPPATH\\Views\\pages\\FormularioClassificatorio_view.php', 71)
 2 SYSTEMPATH\View\View.php(213): include('APPPATH\\Views\\pages\\FormularioClassificatorio_view.php')
 3 SYSTEMPATH\View\View.php(216): CodeIgniter\View\View->CodeIgniter\View\{closure}()
 4 SYSTEMPATH\Common.php(1177): CodeIgniter\View\View->render('/pages/FormularioClassificatorio_view', [], true)
 5 APPPATH\Views\layoutLogado.php(3): view('/pages/FormularioClassificatorio_view')
 6 SYSTEMPATH\View\View.php(213): include('APPPATH\\Views\\layoutLogado.php')
 7 SYSTEMPATH\View\View.php(216): CodeIgniter\View\View->CodeIgniter\View\{closure}()
 8 SYSTEMPATH\Common.php(1177): CodeIgniter\View\View->render('layoutLogado', [], true)
 9 APPPATH\Controllers\Cadastros.php(304): view('layoutLogado', [...])
10 SYSTEMPATH\CodeIgniter.php(934): App\Controllers\Cadastros->dadosClassificatorios('23', '16', '2472')
11 SYSTEMPATH\CodeIgniter.php(499): CodeIgniter\CodeIgniter->runController(Object(App\Controllers\Cadastros))
12 SYSTEMPATH\CodeIgniter.php(368): CodeIgniter\CodeIgniter->handleRequest(null, Object(Config\Cache), false)
13 FCPATH\index.php(67): CodeIgniter\CodeIgniter->run()
CRITICAL - 2026-04-06 12:01:12 --> Undefined variable $alterarExperiencia
in APPPATH\Views\pages\FormularioClassificatorio_view.php on line 64.
 1 APPPATH\Views\pages\FormularioClassificatorio_view.php(64): CodeIgniter\Debug\Exceptions->errorHandler(2, 'Undefined variable $alterarExperiencia', 'APPPATH\\Views\\pages\\FormularioClassificatorio_view.php', 64)
 2 SYSTEMPATH\View\View.php(213): include('APPPATH\\Views\\pages\\FormularioClassificatorio_view.php')
 3 SYSTEMPATH\View\View.php(216): CodeIgniter\View\View->CodeIgniter\View\{closure}()
 4 SYSTEMPATH\Common.php(1177): CodeIgniter\View\View->render('/pages/FormularioClassificatorio_view', [], true)
 5 APPPATH\Views\layoutLogado.php(3): view('/pages/FormularioClassificatorio_view')
 6 SYSTEMPATH\View\View.php(213): include('APPPATH\\Views\\layoutLogado.php')
 7 SYSTEMPATH\View\View.php(216): CodeIgniter\View\View->CodeIgniter\View\{closure}()
 8 SYSTEMPATH\Common.php(1177): CodeIgniter\View\View->render('layoutLogado', [], true)
 9 APPPATH\Controllers\Cadastros.php(304): view('layoutLogado', [...])
10 SYSTEMPATH\CodeIgniter.php(934): App\Controllers\Cadastros->dadosClassificatorios('23', '16', '2472')
11 SYSTEMPATH\CodeIgniter.php(499): CodeIgniter\CodeIgniter->runController(Object(App\Controllers\Cadastros))
12 SYSTEMPATH\CodeIgniter.php(368): CodeIgniter\CodeIgniter->handleRequest(null, Object(Config\Cache), false)
13 FCPATH\index.php(67): CodeIgniter\CodeIgniter->run()
CRITICAL - 2026-04-06 12:01:24 --> Undefined variable $alterarExperiencia
in APPPATH\Controllers\Cadastros.php on line 291.
 1 APPPATH\Controllers\Cadastros.php(291): CodeIgniter\Debug\Exceptions->errorHandler(2, 'Undefined variable $alterarExperiencia', 'APPPATH\\Controllers\\Cadastros.php', 291)
 2 SYSTEMPATH\CodeIgniter.php(934): App\Controllers\Cadastros->dadosClassificatorios('23', '16', '2472')
 3 SYSTEMPATH\CodeIgniter.php(499): CodeIgniter\CodeIgniter->runController(Object(App\Controllers\Cadastros))
 4 SYSTEMPATH\CodeIgniter.php(368): CodeIgniter\CodeIgniter->handleRequest(null, Object(Config\Cache), false)
 5 FCPATH\index.php(67): CodeIgniter\CodeIgniter->run()
CRITICAL - 2026-04-06 12:09:04 --> Undefined variable $dadosExperiencias
in APPPATH\Controllers\Cadastros.php on line 268.
 1 APPPATH\Controllers\Cadastros.php(268): CodeIgniter\Debug\Exceptions->errorHandler(2, 'Undefined variable $dadosExperiencias', 'APPPATH\\Controllers\\Cadastros.php', 268)
 2 SYSTEMPATH\CodeIgniter.php(934): App\Controllers\Cadastros->dadosClassificatorios('23', '16', '2472')
 3 SYSTEMPATH\CodeIgniter.php(499): CodeIgniter\CodeIgniter->runController(Object(App\Controllers\Cadastros))
 4 SYSTEMPATH\CodeIgniter.php(368): CodeIgniter\CodeIgniter->handleRequest(null, Object(Config\Cache), false)
 5 FCPATH\index.php(67): CodeIgniter\CodeIgniter->run()
CRITICAL - 2026-04-06 13:49:29 --> Undefined variable $alterarExperiencia
in APPPATH\Controllers\Cadastros.php on line 290.
 1 APPPATH\Controllers\Cadastros.php(290): CodeIgniter\Debug\Exceptions->errorHandler(2, 'Undefined variable $alterarExperiencia', 'APPPATH\\Controllers\\Cadastros.php', 290)
 2 SYSTEMPATH\CodeIgniter.php(934): App\Controllers\Cadastros->dadosClassificatorios('23', '16', '2472')
 3 SYSTEMPATH\CodeIgniter.php(499): CodeIgniter\CodeIgniter->runController(Object(App\Controllers\Cadastros))
 4 SYSTEMPATH\CodeIgniter.php(368): CodeIgniter\CodeIgniter->handleRequest(null, Object(Config\Cache), false)
 5 FCPATH\index.php(67): CodeIgniter\CodeIgniter->run()
CRITICAL - 2026-04-06 13:49:42 --> Undefined variable $alterarExperiencia
in APPPATH\Views\pages\FormularioClassificatorio_view.php on line 65.
 1 APPPATH\Views\pages\FormularioClassificatorio_view.php(65): CodeIgniter\Debug\Exceptions->errorHandler(2, 'Undefined variable $alterarExperiencia', 'APPPATH\\Views\\pages\\FormularioClassificatorio_view.php', 65)
 2 SYSTEMPATH\View\View.php(213): include('APPPATH\\Views\\pages\\FormularioClassificatorio_view.php')
 3 SYSTEMPATH\View\View.php(216): CodeIgniter\View\View->CodeIgniter\View\{closure}()
 4 SYSTEMPATH\Common.php(1177): CodeIgniter\View\View->render('/pages/FormularioClassificatorio_view', [], true)
 5 APPPATH\Views\layoutLogado.php(3): view('/pages/FormularioClassificatorio_view')
 6 SYSTEMPATH\View\View.php(213): include('APPPATH\\Views\\layoutLogado.php')
 7 SYSTEMPATH\View\View.php(216): CodeIgniter\View\View->CodeIgniter\View\{closure}()
 8 SYSTEMPATH\Common.php(1177): CodeIgniter\View\View->render('layoutLogado', [], true)
 9 APPPATH\Controllers\Cadastros.php(304): view('layoutLogado', [...])
10 SYSTEMPATH\CodeIgniter.php(934): App\Controllers\Cadastros->dadosClassificatorios('23', '16', '2472')
11 SYSTEMPATH\CodeIgniter.php(499): CodeIgniter\CodeIgniter->runController(Object(App\Controllers\Cadastros))
12 SYSTEMPATH\CodeIgniter.php(368): CodeIgniter\CodeIgniter->handleRequest(null, Object(Config\Cache), false)
13 FCPATH\index.php(67): CodeIgniter\CodeIgniter->run()
CRITICAL - 2026-04-06 13:50:07 --> Attempt to read property "ds_quantidade" on array
in APPPATH\Views\pages\FormularioClassificatorio_view.php on line 67.
 1 APPPATH\Views\pages\FormularioClassificatorio_view.php(67): CodeIgniter\Debug\Exceptions->errorHandler(2, 'Attempt to read property "ds_quantidade" on array', 'APPPATH\\Views\\pages\\FormularioClassificatorio_view.php', 67)
 2 SYSTEMPATH\View\View.php(213): include('APPPATH\\Views\\pages\\FormularioClassificatorio_view.php')
 3 SYSTEMPATH\View\View.php(216): CodeIgniter\View\View->CodeIgniter\View\{closure}()
 4 SYSTEMPATH\Common.php(1177): CodeIgniter\View\View->render('/pages/FormularioClassificatorio_view', [], true)
 5 APPPATH\Views\layoutLogado.php(3): view('/pages/FormularioClassificatorio_view')
 6 SYSTEMPATH\View\View.php(213): include('APPPATH\\Views\\layoutLogado.php')
 7 SYSTEMPATH\View\View.php(216): CodeIgniter\View\View->CodeIgniter\View\{closure}()
 8 SYSTEMPATH\Common.php(1177): CodeIgniter\View\View->render('layoutLogado', [], true)
 9 APPPATH\Controllers\Cadastros.php(304): view('layoutLogado', [...])
10 SYSTEMPATH\CodeIgniter.php(934): App\Controllers\Cadastros->dadosClassificatorios('23', '16', '2472')
11 SYSTEMPATH\CodeIgniter.php(499): CodeIgniter\CodeIgniter->runController(Object(App\Controllers\Cadastros))
12 SYSTEMPATH\CodeIgniter.php(368): CodeIgniter\CodeIgniter->handleRequest(null, Object(Config\Cache), false)
13 FCPATH\index.php(67): CodeIgniter\CodeIgniter->run()
CRITICAL - 2026-04-06 13:50:44 --> Attempt to read property "ds_quantidade" on array
in APPPATH\Views\pages\FormularioClassificatorio_view.php on line 67.
 1 APPPATH\Views\pages\FormularioClassificatorio_view.php(67): CodeIgniter\Debug\Exceptions->errorHandler(2, 'Attempt to read property "ds_quantidade" on array', 'APPPATH\\Views\\pages\\FormularioClassificatorio_view.php', 67)
 2 SYSTEMPATH\View\View.php(213): include('APPPATH\\Views\\pages\\FormularioClassificatorio_view.php')
 3 SYSTEMPATH\View\View.php(216): CodeIgniter\View\View->CodeIgniter\View\{closure}()
 4 SYSTEMPATH\Common.php(1177): CodeIgniter\View\View->render('/pages/FormularioClassificatorio_view', [], true)
 5 APPPATH\Views\layoutLogado.php(3): view('/pages/FormularioClassificatorio_view')
 6 SYSTEMPATH\View\View.php(213): include('APPPATH\\Views\\layoutLogado.php')
 7 SYSTEMPATH\View\View.php(216): CodeIgniter\View\View->CodeIgniter\View\{closure}()
 8 SYSTEMPATH\Common.php(1177): CodeIgniter\View\View->render('layoutLogado', [], true)
 9 APPPATH\Controllers\Cadastros.php(304): view('layoutLogado', [...])
10 SYSTEMPATH\CodeIgniter.php(934): App\Controllers\Cadastros->dadosClassificatorios('23', '16', '2472')
11 SYSTEMPATH\CodeIgniter.php(499): CodeIgniter\CodeIgniter->runController(Object(App\Controllers\Cadastros))
12 SYSTEMPATH\CodeIgniter.php(368): CodeIgniter\CodeIgniter->handleRequest(null, Object(Config\Cache), false)
13 FCPATH\index.php(67): CodeIgniter\CodeIgniter->run()
CRITICAL - 2026-04-06 13:50:58 --> Attempt to read property "ds_quantidade" on array
in APPPATH\Views\pages\FormularioClassificatorio_view.php on line 67.
 1 APPPATH\Views\pages\FormularioClassificatorio_view.php(67): CodeIgniter\Debug\Exceptions->errorHandler(2, 'Attempt to read property "ds_quantidade" on array', 'APPPATH\\Views\\pages\\FormularioClassificatorio_view.php', 67)
 2 SYSTEMPATH\View\View.php(213): include('APPPATH\\Views\\pages\\FormularioClassificatorio_view.php')
 3 SYSTEMPATH\View\View.php(216): CodeIgniter\View\View->CodeIgniter\View\{closure}()
 4 SYSTEMPATH\Common.php(1177): CodeIgniter\View\View->render('/pages/FormularioClassificatorio_view', [], true)
 5 APPPATH\Views\layoutLogado.php(3): view('/pages/FormularioClassificatorio_view')
 6 SYSTEMPATH\View\View.php(213): include('APPPATH\\Views\\layoutLogado.php')
 7 SYSTEMPATH\View\View.php(216): CodeIgniter\View\View->CodeIgniter\View\{closure}()
 8 SYSTEMPATH\Common.php(1177): CodeIgniter\View\View->render('layoutLogado', [], true)
 9 APPPATH\Controllers\Cadastros.php(304): view('layoutLogado', [...])
10 SYSTEMPATH\CodeIgniter.php(934): App\Controllers\Cadastros->dadosClassificatorios('23', '16', '2472')
11 SYSTEMPATH\CodeIgniter.php(499): CodeIgniter\CodeIgniter->runController(Object(App\Controllers\Cadastros))
12 SYSTEMPATH\CodeIgniter.php(368): CodeIgniter\CodeIgniter->handleRequest(null, Object(Config\Cache), false)
13 FCPATH\index.php(67): CodeIgniter\CodeIgniter->run()
CRITICAL - 2026-04-06 13:51:18 --> Undefined array key "ds_quantidade"
in APPPATH\Views\pages\FormularioClassificatorio_view.php on line 67.
 1 APPPATH\Views\pages\FormularioClassificatorio_view.php(67): CodeIgniter\Debug\Exceptions->errorHandler(2, 'Undefined array key "ds_quantidade"', 'APPPATH\\Views\\pages\\FormularioClassificatorio_view.php', 67)
 2 SYSTEMPATH\View\View.php(213): include('APPPATH\\Views\\pages\\FormularioClassificatorio_view.php')
 3 SYSTEMPATH\View\View.php(216): CodeIgniter\View\View->CodeIgniter\View\{closure}()
 4 SYSTEMPATH\Common.php(1177): CodeIgniter\View\View->render('/pages/FormularioClassificatorio_view', [], true)
 5 APPPATH\Views\layoutLogado.php(3): view('/pages/FormularioClassificatorio_view')
 6 SYSTEMPATH\View\View.php(213): include('APPPATH\\Views\\layoutLogado.php')
 7 SYSTEMPATH\View\View.php(216): CodeIgniter\View\View->CodeIgniter\View\{closure}()
 8 SYSTEMPATH\Common.php(1177): CodeIgniter\View\View->render('layoutLogado', [], true)
 9 APPPATH\Controllers\Cadastros.php(304): view('layoutLogado', [...])
10 SYSTEMPATH\CodeIgniter.php(934): App\Controllers\Cadastros->dadosClassificatorios('23', '16', '2472')
11 SYSTEMPATH\CodeIgniter.php(499): CodeIgniter\CodeIgniter->runController(Object(App\Controllers\Cadastros))
12 SYSTEMPATH\CodeIgniter.php(368): CodeIgniter\CodeIgniter->handleRequest(null, Object(Config\Cache), false)
13 FCPATH\index.php(67): CodeIgniter\CodeIgniter->run()
CRITICAL - 2026-04-06 14:01:47 --> Undefined array key "ds_quantidade"
in APPPATH\Views\pages\FormularioClassificatorio_view.php on line 67.
 1 APPPATH\Views\pages\FormularioClassificatorio_view.php(67): CodeIgniter\Debug\Exceptions->errorHandler(2, 'Undefined array key "ds_quantidade"', 'APPPATH\\Views\\pages\\FormularioClassificatorio_view.php', 67)
 2 SYSTEMPATH\View\View.php(213): include('APPPATH\\Views\\pages\\FormularioClassificatorio_view.php')
 3 SYSTEMPATH\View\View.php(216): CodeIgniter\View\View->CodeIgniter\View\{closure}()
 4 SYSTEMPATH\Common.php(1177): CodeIgniter\View\View->render('/pages/FormularioClassificatorio_view', [], true)
 5 APPPATH\Views\layoutLogado.php(3): view('/pages/FormularioClassificatorio_view')
 6 SYSTEMPATH\View\View.php(213): include('APPPATH\\Views\\layoutLogado.php')
 7 SYSTEMPATH\View\View.php(216): CodeIgniter\View\View->CodeIgniter\View\{closure}()
 8 SYSTEMPATH\Common.php(1177): CodeIgniter\View\View->render('layoutLogado', [], true)
 9 APPPATH\Controllers\Cadastros.php(307): view('layoutLogado', [...])
10 SYSTEMPATH\CodeIgniter.php(934): App\Controllers\Cadastros->dadosClassificatorios('23', '16', '8571')
11 SYSTEMPATH\CodeIgniter.php(499): CodeIgniter\CodeIgniter->runController(Object(App\Controllers\Cadastros))
12 SYSTEMPATH\CodeIgniter.php(368): CodeIgniter\CodeIgniter->handleRequest(null, Object(Config\Cache), false)
13 FCPATH\index.php(67): CodeIgniter\CodeIgniter->run()
CRITICAL - 2026-04-06 14:03:13 --> Undefined variable $alterarExperiencia
in APPPATH\Views\pages\FormularioClassificatorio_view.php on line 63.
 1 APPPATH\Views\pages\FormularioClassificatorio_view.php(63): CodeIgniter\Debug\Exceptions->errorHandler(2, 'Undefined variable $alterarExperiencia', 'APPPATH\\Views\\pages\\FormularioClassificatorio_view.php', 63)
 2 SYSTEMPATH\View\View.php(213): include('APPPATH\\Views\\pages\\FormularioClassificatorio_view.php')
 3 SYSTEMPATH\View\View.php(216): CodeIgniter\View\View->CodeIgniter\View\{closure}()
 4 SYSTEMPATH\Common.php(1177): CodeIgniter\View\View->render('/pages/FormularioClassificatorio_view', [], true)
 5 APPPATH\Views\layoutLogado.php(3): view('/pages/FormularioClassificatorio_view')
 6 SYSTEMPATH\View\View.php(213): include('APPPATH\\Views\\layoutLogado.php')
 7 SYSTEMPATH\View\View.php(216): CodeIgniter\View\View->CodeIgniter\View\{closure}()
 8 SYSTEMPATH\Common.php(1177): CodeIgniter\View\View->render('layoutLogado', [], true)
 9 APPPATH\Controllers\Cadastros.php(307): view('layoutLogado', [...])
10 SYSTEMPATH\CodeIgniter.php(934): App\Controllers\Cadastros->dadosClassificatorios('23', '16', '8571')
11 SYSTEMPATH\CodeIgniter.php(499): CodeIgniter\CodeIgniter->runController(Object(App\Controllers\Cadastros))
12 SYSTEMPATH\CodeIgniter.php(368): CodeIgniter\CodeIgniter->handleRequest(null, Object(Config\Cache), false)
13 FCPATH\index.php(67): CodeIgniter\CodeIgniter->run()
CRITICAL - 2026-04-06 14:03:42 --> Attempt to read property "ds_quantidade" on array
in APPPATH\Views\pages\FormularioClassificatorio_view.php on line 66.
 1 APPPATH\Views\pages\FormularioClassificatorio_view.php(66): CodeIgniter\Debug\Exceptions->errorHandler(2, 'Attempt to read property "ds_quantidade" on array', 'APPPATH\\Views\\pages\\FormularioClassificatorio_view.php', 66)
 2 SYSTEMPATH\View\View.php(213): include('APPPATH\\Views\\pages\\FormularioClassificatorio_view.php')
 3 SYSTEMPATH\View\View.php(216): CodeIgniter\View\View->CodeIgniter\View\{closure}()
 4 SYSTEMPATH\Common.php(1177): CodeIgniter\View\View->render('/pages/FormularioClassificatorio_view', [], true)
 5 APPPATH\Views\layoutLogado.php(3): view('/pages/FormularioClassificatorio_view')
 6 SYSTEMPATH\View\View.php(213): include('APPPATH\\Views\\layoutLogado.php')
 7 SYSTEMPATH\View\View.php(216): CodeIgniter\View\View->CodeIgniter\View\{closure}()
 8 SYSTEMPATH\Common.php(1177): CodeIgniter\View\View->render('layoutLogado', [], true)
 9 APPPATH\Controllers\Cadastros.php(307): view('layoutLogado', [...])
10 SYSTEMPATH\CodeIgniter.php(934): App\Controllers\Cadastros->dadosClassificatorios('23', '16', '8571')
11 SYSTEMPATH\CodeIgniter.php(499): CodeIgniter\CodeIgniter->runController(Object(App\Controllers\Cadastros))
12 SYSTEMPATH\CodeIgniter.php(368): CodeIgniter\CodeIgniter->handleRequest(null, Object(Config\Cache), false)
13 FCPATH\index.php(67): CodeIgniter\CodeIgniter->run()
CRITICAL - 2026-04-06 15:51:56 --> Attempt to read property "ds_quantidade" on array
in APPPATH\Views\pages\FormularioClassificatorio_view.php on line 66.
 1 APPPATH\Views\pages\FormularioClassificatorio_view.php(66): CodeIgniter\Debug\Exceptions->errorHandler(2, 'Attempt to read property "ds_quantidade" on array', 'APPPATH\\Views\\pages\\FormularioClassificatorio_view.php', 66)
 2 SYSTEMPATH\View\View.php(213): include('APPPATH\\Views\\pages\\FormularioClassificatorio_view.php')
 3 SYSTEMPATH\View\View.php(216): CodeIgniter\View\View->CodeIgniter\View\{closure}()
 4 SYSTEMPATH\Common.php(1177): CodeIgniter\View\View->render('/pages/FormularioClassificatorio_view', [], true)
 5 APPPATH\Views\layoutLogado.php(3): view('/pages/FormularioClassificatorio_view')
 6 SYSTEMPATH\View\View.php(213): include('APPPATH\\Views\\layoutLogado.php')
 7 SYSTEMPATH\View\View.php(216): CodeIgniter\View\View->CodeIgniter\View\{closure}()
 8 SYSTEMPATH\Common.php(1177): CodeIgniter\View\View->render('layoutLogado', [], true)
 9 APPPATH\Controllers\Cadastros.php(307): view('layoutLogado', [...])
10 SYSTEMPATH\CodeIgniter.php(934): App\Controllers\Cadastros->dadosClassificatorios('23', '16', '2851')
11 SYSTEMPATH\CodeIgniter.php(499): CodeIgniter\CodeIgniter->runController(Object(App\Controllers\Cadastros))
12 SYSTEMPATH\CodeIgniter.php(368): CodeIgniter\CodeIgniter->handleRequest(null, Object(Config\Cache), false)
13 FCPATH\index.php(67): CodeIgniter\CodeIgniter->run()
CRITICAL - 2026-04-06 16:08:06 --> Cannot use object of type stdClass as array
in APPPATH\Views\pages\FormularioClassificatorio_view.php on line 62.
 1 SYSTEMPATH\View\View.php(213): include()
 2 SYSTEMPATH\View\View.php(216): CodeIgniter\View\View->CodeIgniter\View\{closure}()
 3 SYSTEMPATH\Common.php(1177): CodeIgniter\View\View->render('/pages/FormularioClassificatorio_view', [], true)
 4 APPPATH\Views\layoutLogado.php(3): view('/pages/FormularioClassificatorio_view')
 5 SYSTEMPATH\View\View.php(213): include('APPPATH\\Views\\layoutLogado.php')
 6 SYSTEMPATH\View\View.php(216): CodeIgniter\View\View->CodeIgniter\View\{closure}()
 7 SYSTEMPATH\Common.php(1177): CodeIgniter\View\View->render('layoutLogado', [], true)
 8 APPPATH\Controllers\Cadastros.php(307): view('layoutLogado', [...])
 9 SYSTEMPATH\CodeIgniter.php(934): App\Controllers\Cadastros->dadosClassificatorios('23', '16', '2851')
10 SYSTEMPATH\CodeIgniter.php(499): CodeIgniter\CodeIgniter->runController(Object(App\Controllers\Cadastros))
11 SYSTEMPATH\CodeIgniter.php(368): CodeIgniter\CodeIgniter->handleRequest(null, Object(Config\Cache), false)
12 FCPATH\index.php(67): CodeIgniter\CodeIgniter->run()
CRITICAL - 2026-04-06 16:18:01 --> Attempt to read property "ds_quantidade" on array
in APPPATH\Views\pages\FormularioClassificatorio_view.php on line 66.
 1 APPPATH\Views\pages\FormularioClassificatorio_view.php(66): CodeIgniter\Debug\Exceptions->errorHandler(2, 'Attempt to read property "ds_quantidade" on array', 'APPPATH\\Views\\pages\\FormularioClassificatorio_view.php', 66)
 2 SYSTEMPATH\View\View.php(213): include('APPPATH\\Views\\pages\\FormularioClassificatorio_view.php')
 3 SYSTEMPATH\View\View.php(216): CodeIgniter\View\View->CodeIgniter\View\{closure}()
 4 SYSTEMPATH\Common.php(1177): CodeIgniter\View\View->render('/pages/FormularioClassificatorio_view', [], true)
 5 APPPATH\Views\layoutLogado.php(3): view('/pages/FormularioClassificatorio_view')
 6 SYSTEMPATH\View\View.php(213): include('APPPATH\\Views\\layoutLogado.php')
 7 SYSTEMPATH\View\View.php(216): CodeIgniter\View\View->CodeIgniter\View\{closure}()
 8 SYSTEMPATH\Common.php(1177): CodeIgniter\View\View->render('layoutLogado', [], true)
 9 APPPATH\Controllers\Cadastros.php(307): view('layoutLogado', [...])
10 SYSTEMPATH\CodeIgniter.php(934): App\Controllers\Cadastros->dadosClassificatorios('23', '16', '2851')
11 SYSTEMPATH\CodeIgniter.php(499): CodeIgniter\CodeIgniter->runController(Object(App\Controllers\Cadastros))
12 SYSTEMPATH\CodeIgniter.php(368): CodeIgniter\CodeIgniter->handleRequest(null, Object(Config\Cache), false)
13 FCPATH\index.php(67): CodeIgniter\CodeIgniter->run()
CRITICAL - 2026-04-06 16:31:03 --> Cannot use object of type stdClass as array
in APPPATH\Views\pages\FormularioClassificatorio_view.php on line 62.
 1 SYSTEMPATH\View\View.php(213): include()
 2 SYSTEMPATH\View\View.php(216): CodeIgniter\View\View->CodeIgniter\View\{closure}()
 3 SYSTEMPATH\Common.php(1177): CodeIgniter\View\View->render('/pages/FormularioClassificatorio_view', [], true)
 4 APPPATH\Views\layoutLogado.php(3): view('/pages/FormularioClassificatorio_view')
 5 SYSTEMPATH\View\View.php(213): include('APPPATH\\Views\\layoutLogado.php')
 6 SYSTEMPATH\View\View.php(216): CodeIgniter\View\View->CodeIgniter\View\{closure}()
 7 SYSTEMPATH\Common.php(1177): CodeIgniter\View\View->render('layoutLogado', [], true)
 8 APPPATH\Controllers\Cadastros.php(307): view('layoutLogado', [...])
 9 SYSTEMPATH\CodeIgniter.php(934): App\Controllers\Cadastros->dadosClassificatorios('23', '16', '2472')
10 SYSTEMPATH\CodeIgniter.php(499): CodeIgniter\CodeIgniter->runController(Object(App\Controllers\Cadastros))
11 SYSTEMPATH\CodeIgniter.php(368): CodeIgniter\CodeIgniter->handleRequest(null, Object(Config\Cache), false)
12 FCPATH\index.php(67): CodeIgniter\CodeIgniter->run()
CRITICAL - 2026-04-06 16:31:29 --> Cannot use object of type stdClass as array
in APPPATH\Views\pages\FormularioClassificatorio_view.php on line 62.
 1 SYSTEMPATH\View\View.php(213): include()
 2 SYSTEMPATH\View\View.php(216): CodeIgniter\View\View->CodeIgniter\View\{closure}()
 3 SYSTEMPATH\Common.php(1177): CodeIgniter\View\View->render('/pages/FormularioClassificatorio_view', [], true)
 4 APPPATH\Views\layoutLogado.php(3): view('/pages/FormularioClassificatorio_view')
 5 SYSTEMPATH\View\View.php(213): include('APPPATH\\Views\\layoutLogado.php')
 6 SYSTEMPATH\View\View.php(216): CodeIgniter\View\View->CodeIgniter\View\{closure}()
 7 SYSTEMPATH\Common.php(1177): CodeIgniter\View\View->render('layoutLogado', [], true)
 8 APPPATH\Controllers\Cadastros.php(307): view('layoutLogado', [...])
 9 SYSTEMPATH\CodeIgniter.php(934): App\Controllers\Cadastros->dadosClassificatorios('23', '16', '2472')
10 SYSTEMPATH\CodeIgniter.php(499): CodeIgniter\CodeIgniter->runController(Object(App\Controllers\Cadastros))
11 SYSTEMPATH\CodeIgniter.php(368): CodeIgniter\CodeIgniter->handleRequest(null, Object(Config\Cache), false)
12 FCPATH\index.php(67): CodeIgniter\CodeIgniter->run()
CRITICAL - 2026-04-06 16:32:03 --> Undefined variable $valueDadosExperiencia
in APPPATH\Views\pages\FormularioClassificatorio_view.php on line 65.
 1 APPPATH\Views\pages\FormularioClassificatorio_view.php(65): CodeIgniter\Debug\Exceptions->errorHandler(2, 'Undefined variable $valueDadosExperiencia', 'APPPATH\\Views\\pages\\FormularioClassificatorio_view.php', 65)
 2 SYSTEMPATH\View\View.php(213): include('APPPATH\\Views\\pages\\FormularioClassificatorio_view.php')
 3 SYSTEMPATH\View\View.php(216): CodeIgniter\View\View->CodeIgniter\View\{closure}()
 4 SYSTEMPATH\Common.php(1177): CodeIgniter\View\View->render('/pages/FormularioClassificatorio_view', [], true)
 5 APPPATH\Views\layoutLogado.php(3): view('/pages/FormularioClassificatorio_view')
 6 SYSTEMPATH\View\View.php(213): include('APPPATH\\Views\\layoutLogado.php')
 7 SYSTEMPATH\View\View.php(216): CodeIgniter\View\View->CodeIgniter\View\{closure}()
 8 SYSTEMPATH\Common.php(1177): CodeIgniter\View\View->render('layoutLogado', [], true)
 9 APPPATH\Controllers\Cadastros.php(307): view('layoutLogado', [...])
10 SYSTEMPATH\CodeIgniter.php(934): App\Controllers\Cadastros->dadosClassificatorios('23', '16', '2472')
11 SYSTEMPATH\CodeIgniter.php(499): CodeIgniter\CodeIgniter->runController(Object(App\Controllers\Cadastros))
12 SYSTEMPATH\CodeIgniter.php(368): CodeIgniter\CodeIgniter->handleRequest(null, Object(Config\Cache), false)
13 FCPATH\index.php(67): CodeIgniter\CodeIgniter->run()
CRITICAL - 2026-04-06 16:32:48 --> Undefined property: stdClass::$ds_quantidade
in APPPATH\Views\pages\FormularioClassificatorio_view.php on line 65.
 1 APPPATH\Views\pages\FormularioClassificatorio_view.php(65): CodeIgniter\Debug\Exceptions->errorHandler(2, 'Undefined property: stdClass::$ds_quantidade', 'APPPATH\\Views\\pages\\FormularioClassificatorio_view.php', 65)
 2 SYSTEMPATH\View\View.php(213): include('APPPATH\\Views\\pages\\FormularioClassificatorio_view.php')
 3 SYSTEMPATH\View\View.php(216): CodeIgniter\View\View->CodeIgniter\View\{closure}()
 4 SYSTEMPATH\Common.php(1177): CodeIgniter\View\View->render('/pages/FormularioClassificatorio_view', [], true)
 5 APPPATH\Views\layoutLogado.php(3): view('/pages/FormularioClassificatorio_view')
 6 SYSTEMPATH\View\View.php(213): include('APPPATH\\Views\\layoutLogado.php')
 7 SYSTEMPATH\View\View.php(216): CodeIgniter\View\View->CodeIgniter\View\{closure}()
 8 SYSTEMPATH\Common.php(1177): CodeIgniter\View\View->render('layoutLogado', [], true)
 9 APPPATH\Controllers\Cadastros.php(307): view('layoutLogado', [...])
10 SYSTEMPATH\CodeIgniter.php(934): App\Controllers\Cadastros->dadosClassificatorios('23', '16', '2472')
11 SYSTEMPATH\CodeIgniter.php(499): CodeIgniter\CodeIgniter->runController(Object(App\Controllers\Cadastros))
12 SYSTEMPATH\CodeIgniter.php(368): CodeIgniter\CodeIgniter->handleRequest(null, Object(Config\Cache), false)
13 FCPATH\index.php(67): CodeIgniter\CodeIgniter->run()
CRITICAL - 2026-04-06 16:36:05 --> Undefined property: stdClass::$ds_quantidade
in APPPATH\Views\pages\FormularioClassificatorio_view.php on line 65.
 1 APPPATH\Views\pages\FormularioClassificatorio_view.php(65): CodeIgniter\Debug\Exceptions->errorHandler(2, 'Undefined property: stdClass::$ds_quantidade', 'APPPATH\\Views\\pages\\FormularioClassificatorio_view.php', 65)
 2 SYSTEMPATH\View\View.php(213): include('APPPATH\\Views\\pages\\FormularioClassificatorio_view.php')
 3 SYSTEMPATH\View\View.php(216): CodeIgniter\View\View->CodeIgniter\View\{closure}()
 4 SYSTEMPATH\Common.php(1177): CodeIgniter\View\View->render('/pages/FormularioClassificatorio_view', [], true)
 5 APPPATH\Views\layoutLogado.php(3): view('/pages/FormularioClassificatorio_view')
 6 SYSTEMPATH\View\View.php(213): include('APPPATH\\Views\\layoutLogado.php')
 7 SYSTEMPATH\View\View.php(216): CodeIgniter\View\View->CodeIgniter\View\{closure}()
 8 SYSTEMPATH\Common.php(1177): CodeIgniter\View\View->render('layoutLogado', [], true)
 9 APPPATH\Controllers\Cadastros.php(307): view('layoutLogado', [...])
10 SYSTEMPATH\CodeIgniter.php(934): App\Controllers\Cadastros->dadosClassificatorios('23', '16', '2472')
11 SYSTEMPATH\CodeIgniter.php(499): CodeIgniter\CodeIgniter->runController(Object(App\Controllers\Cadastros))
12 SYSTEMPATH\CodeIgniter.php(368): CodeIgniter\CodeIgniter->handleRequest(null, Object(Config\Cache), false)
13 FCPATH\index.php(67): CodeIgniter\CodeIgniter->run()
