CRITICAL - 2026-04-13 07:15:44 --> Undefined variable $quantidade
in APPPATH\Views\pages\FormularioClassificatorio_view.php on line 136.
 1 APPPATH\Views\pages\FormularioClassificatorio_view.php(136): CodeIgniter\Debug\Exceptions->errorHandler(2, 'Undefined variable $quantidade', 'APPPATH\\Views\\pages\\FormularioClassificatorio_view.php', 136)
 2 SYSTEMPATH\View\View.php(213): include('APPPATH\\Views\\pages\\FormularioClassificatorio_view.php')
 3 SYSTEMPATH\View\View.php(216): CodeIgniter\View\View->CodeIgniter\View\{closure}()
 4 SYSTEMPATH\Common.php(1177): CodeIgniter\View\View->render('/pages/FormularioClassificatorio_view', [], true)
 5 APPPATH\Views\layoutLogado.php(3): view('/pages/FormularioClassificatorio_view')
 6 SYSTEMPATH\View\View.php(213): include('APPPATH\\Views\\layoutLogado.php')
 7 SYSTEMPATH\View\View.php(216): CodeIgniter\View\View->CodeIgniter\View\{closure}()
 8 SYSTEMPATH\Common.php(1177): CodeIgniter\View\View->render('layoutLogado', [], true)
 9 APPPATH\Controllers\Cadastros.php(136): view('layoutLogado', [...])
10 SYSTEMPATH\CodeIgniter.php(934): App\Controllers\Cadastros->dadosClassificatorios('23', '16', '2472')
11 SYSTEMPATH\CodeIgniter.php(499): CodeIgniter\CodeIgniter->runController(Object(App\Controllers\Cadastros))
12 SYSTEMPATH\CodeIgniter.php(368): CodeIgniter\CodeIgniter->handleRequest(null, Object(Config\Cache), false)
13 FCPATH\index.php(67): CodeIgniter\CodeIgniter->run()
CRITICAL - 2026-04-13 07:44:29 --> Undefined variable $escolaridadeCandidato
in APPPATH\Views\pages\FormularioClassificatorio_view.php on line 139.
 1 APPPATH\Views\pages\FormularioClassificatorio_view.php(139): CodeIgniter\Debug\Exceptions->errorHandler(2, 'Undefined variable $escolaridadeCandidato', 'APPPATH\\Views\\pages\\FormularioClassificatorio_view.php', 139)
 2 SYSTEMPATH\View\View.php(213): include('APPPATH\\Views\\pages\\FormularioClassificatorio_view.php')
 3 SYSTEMPATH\View\View.php(216): CodeIgniter\View\View->CodeIgniter\View\{closure}()
 4 SYSTEMPATH\Common.php(1177): CodeIgniter\View\View->render('/pages/FormularioClassificatorio_view', [], true)
 5 APPPATH\Views\layoutLogado.php(3): view('/pages/FormularioClassificatorio_view')
 6 SYSTEMPATH\View\View.php(213): include('APPPATH\\Views\\layoutLogado.php')
 7 SYSTEMPATH\View\View.php(216): CodeIgniter\View\View->CodeIgniter\View\{closure}()
 8 SYSTEMPATH\Common.php(1177): CodeIgniter\View\View->render('layoutLogado', [], true)
 9 APPPATH\Controllers\Cadastros.php(136): view('layoutLogado', [...])
10 SYSTEMPATH\CodeIgniter.php(934): App\Controllers\Cadastros->dadosClassificatorios('23', '16', '2472')
11 SYSTEMPATH\CodeIgniter.php(499): CodeIgniter\CodeIgniter->runController(Object(App\Controllers\Cadastros))
12 SYSTEMPATH\CodeIgniter.php(368): CodeIgniter\CodeIgniter->handleRequest(null, Object(Config\Cache), false)
13 FCPATH\index.php(67): CodeIgniter\CodeIgniter->run()
CRITICAL - 2026-04-13 07:45:43 --> Undefined variable $escolaridadeCandidato
in APPPATH\Views\pages\FormularioClassificatorio_view.php on line 137.
 1 APPPATH\Views\pages\FormularioClassificatorio_view.php(137): CodeIgniter\Debug\Exceptions->errorHandler(2, 'Undefined variable $escolaridadeCandidato', 'APPPATH\\Views\\pages\\FormularioClassificatorio_view.php', 137)
 2 SYSTEMPATH\View\View.php(213): include('APPPATH\\Views\\pages\\FormularioClassificatorio_view.php')
 3 SYSTEMPATH\View\View.php(216): CodeIgniter\View\View->CodeIgniter\View\{closure}()
 4 SYSTEMPATH\Common.php(1177): CodeIgniter\View\View->render('/pages/FormularioClassificatorio_view', [], true)
 5 APPPATH\Views\layoutLogado.php(3): view('/pages/FormularioClassificatorio_view')
 6 SYSTEMPATH\View\View.php(213): include('APPPATH\\Views\\layoutLogado.php')
 7 SYSTEMPATH\View\View.php(216): CodeIgniter\View\View->CodeIgniter\View\{closure}()
 8 SYSTEMPATH\Common.php(1177): CodeIgniter\View\View->render('layoutLogado', [], true)
 9 APPPATH\Controllers\Cadastros.php(136): view('layoutLogado', [...])
10 SYSTEMPATH\CodeIgniter.php(934): App\Controllers\Cadastros->dadosClassificatorios('23', '16', '2472')
11 SYSTEMPATH\CodeIgniter.php(499): CodeIgniter\CodeIgniter->runController(Object(App\Controllers\Cadastros))
12 SYSTEMPATH\CodeIgniter.php(368): CodeIgniter\CodeIgniter->handleRequest(null, Object(Config\Cache), false)
13 FCPATH\index.php(67): CodeIgniter\CodeIgniter->run()
CRITICAL - 2026-04-13 07:46:09 --> Undefined variable $escolaridadeCandidato
in APPPATH\Views\pages\FormularioClassificatorio_view.php on line 132.
 1 APPPATH\Views\pages\FormularioClassificatorio_view.php(132): CodeIgniter\Debug\Exceptions->errorHandler(2, 'Undefined variable $escolaridadeCandidato', 'APPPATH\\Views\\pages\\FormularioClassificatorio_view.php', 132)
 2 SYSTEMPATH\View\View.php(213): include('APPPATH\\Views\\pages\\FormularioClassificatorio_view.php')
 3 SYSTEMPATH\View\View.php(216): CodeIgniter\View\View->CodeIgniter\View\{closure}()
 4 SYSTEMPATH\Common.php(1177): CodeIgniter\View\View->render('/pages/FormularioClassificatorio_view', [], true)
 5 APPPATH\Views\layoutLogado.php(3): view('/pages/FormularioClassificatorio_view')
 6 SYSTEMPATH\View\View.php(213): include('APPPATH\\Views\\layoutLogado.php')
 7 SYSTEMPATH\View\View.php(216): CodeIgniter\View\View->CodeIgniter\View\{closure}()
 8 SYSTEMPATH\Common.php(1177): CodeIgniter\View\View->render('layoutLogado', [], true)
 9 APPPATH\Controllers\Cadastros.php(136): view('layoutLogado', [...])
10 SYSTEMPATH\CodeIgniter.php(934): App\Controllers\Cadastros->dadosClassificatorios('23', '16', '2472')
11 SYSTEMPATH\CodeIgniter.php(499): CodeIgniter\CodeIgniter->runController(Object(App\Controllers\Cadastros))
12 SYSTEMPATH\CodeIgniter.php(368): CodeIgniter\CodeIgniter->handleRequest(null, Object(Config\Cache), false)
13 FCPATH\index.php(67): CodeIgniter\CodeIgniter->run()
CRITICAL - 2026-04-13 07:51:49 --> Undefined variable $escolaridadeCandidato
in APPPATH\Views\pages\FormularioClassificatorio_view.php on line 132.
 1 APPPATH\Views\pages\FormularioClassificatorio_view.php(132): CodeIgniter\Debug\Exceptions->errorHandler(2, 'Undefined variable $escolaridadeCandidato', 'APPPATH\\Views\\pages\\FormularioClassificatorio_view.php', 132)
 2 SYSTEMPATH\View\View.php(213): include('APPPATH\\Views\\pages\\FormularioClassificatorio_view.php')
 3 SYSTEMPATH\View\View.php(216): CodeIgniter\View\View->CodeIgniter\View\{closure}()
 4 SYSTEMPATH\Common.php(1177): CodeIgniter\View\View->render('/pages/FormularioClassificatorio_view', [], true)
 5 APPPATH\Views\layoutLogado.php(3): view('/pages/FormularioClassificatorio_view')
 6 SYSTEMPATH\View\View.php(213): include('APPPATH\\Views\\layoutLogado.php')
 7 SYSTEMPATH\View\View.php(216): CodeIgniter\View\View->CodeIgniter\View\{closure}()
 8 SYSTEMPATH\Common.php(1177): CodeIgniter\View\View->render('layoutLogado', [], true)
 9 APPPATH\Controllers\Cadastros.php(137): view('layoutLogado', [...])
10 SYSTEMPATH\CodeIgniter.php(934): App\Controllers\Cadastros->dadosClassificatorios('23', '16', '2472')
11 SYSTEMPATH\CodeIgniter.php(499): CodeIgniter\CodeIgniter->runController(Object(App\Controllers\Cadastros))
12 SYSTEMPATH\CodeIgniter.php(368): CodeIgniter\CodeIgniter->handleRequest(null, Object(Config\Cache), false)
13 FCPATH\index.php(67): CodeIgniter\CodeIgniter->run()
CRITICAL - 2026-04-13 07:53:56 --> Undefined variable $escolaridadeCandidato
in APPPATH\Views\pages\FormularioClassificatorio_view.php on line 132.
 1 APPPATH\Views\pages\FormularioClassificatorio_view.php(132): CodeIgniter\Debug\Exceptions->errorHandler(2, 'Undefined variable $escolaridadeCandidato', 'APPPATH\\Views\\pages\\FormularioClassificatorio_view.php', 132)
 2 SYSTEMPATH\View\View.php(213): include('APPPATH\\Views\\pages\\FormularioClassificatorio_view.php')
 3 SYSTEMPATH\View\View.php(216): CodeIgniter\View\View->CodeIgniter\View\{closure}()
 4 SYSTEMPATH\Common.php(1177): CodeIgniter\View\View->render('/pages/FormularioClassificatorio_view', [], true)
 5 APPPATH\Views\layoutLogado.php(3): view('/pages/FormularioClassificatorio_view')
 6 SYSTEMPATH\View\View.php(213): include('APPPATH\\Views\\layoutLogado.php')
 7 SYSTEMPATH\View\View.php(216): CodeIgniter\View\View->CodeIgniter\View\{closure}()
 8 SYSTEMPATH\Common.php(1177): CodeIgniter\View\View->render('layoutLogado', [], true)
 9 APPPATH\Controllers\Cadastros.php(137): view('layoutLogado', [...])
10 SYSTEMPATH\CodeIgniter.php(934): App\Controllers\Cadastros->dadosClassificatorios('23', '16', '2472')
11 SYSTEMPATH\CodeIgniter.php(499): CodeIgniter\CodeIgniter->runController(Object(App\Controllers\Cadastros))
12 SYSTEMPATH\CodeIgniter.php(368): CodeIgniter\CodeIgniter->handleRequest(null, Object(Config\Cache), false)
13 FCPATH\index.php(67): CodeIgniter\CodeIgniter->run()
CRITICAL - 2026-04-13 07:59:04 --> Undefined variable $escolaridadeCandidato
in APPPATH\Views\pages\FormularioClassificatorio_view.php on line 140.
 1 APPPATH\Views\pages\FormularioClassificatorio_view.php(140): CodeIgniter\Debug\Exceptions->errorHandler(2, 'Undefined variable $escolaridadeCandidato', 'APPPATH\\Views\\pages\\FormularioClassificatorio_view.php', 140)
 2 SYSTEMPATH\View\View.php(213): include('APPPATH\\Views\\pages\\FormularioClassificatorio_view.php')
 3 SYSTEMPATH\View\View.php(216): CodeIgniter\View\View->CodeIgniter\View\{closure}()
 4 SYSTEMPATH\Common.php(1177): CodeIgniter\View\View->render('/pages/FormularioClassificatorio_view', [], true)
 5 APPPATH\Views\layoutLogado.php(3): view('/pages/FormularioClassificatorio_view')
 6 SYSTEMPATH\View\View.php(213): include('APPPATH\\Views\\layoutLogado.php')
 7 SYSTEMPATH\View\View.php(216): CodeIgniter\View\View->CodeIgniter\View\{closure}()
 8 SYSTEMPATH\Common.php(1177): CodeIgniter\View\View->render('layoutLogado', [], true)
 9 APPPATH\Controllers\Cadastros.php(137): view('layoutLogado', [...])
10 SYSTEMPATH\CodeIgniter.php(934): App\Controllers\Cadastros->dadosClassificatorios('23', '16', '2472')
11 SYSTEMPATH\CodeIgniter.php(499): CodeIgniter\CodeIgniter->runController(Object(App\Controllers\Cadastros))
12 SYSTEMPATH\CodeIgniter.php(368): CodeIgniter\CodeIgniter->handleRequest(null, Object(Config\Cache), false)
13 FCPATH\index.php(67): CodeIgniter\CodeIgniter->run()
CRITICAL - 2026-04-13 08:00:09 --> Undefined variable $quantidade
in APPPATH\Views\pages\FormularioClassificatorio_view.php on line 141.
 1 APPPATH\Views\pages\FormularioClassificatorio_view.php(141): CodeIgniter\Debug\Exceptions->errorHandler(2, 'Undefined variable $quantidade', 'APPPATH\\Views\\pages\\FormularioClassificatorio_view.php', 141)
 2 SYSTEMPATH\View\View.php(213): include('APPPATH\\Views\\pages\\FormularioClassificatorio_view.php')
 3 SYSTEMPATH\View\View.php(216): CodeIgniter\View\View->CodeIgniter\View\{closure}()
 4 SYSTEMPATH\Common.php(1177): CodeIgniter\View\View->render('/pages/FormularioClassificatorio_view', [], true)
 5 APPPATH\Views\layoutLogado.php(3): view('/pages/FormularioClassificatorio_view')
 6 SYSTEMPATH\View\View.php(213): include('APPPATH\\Views\\layoutLogado.php')
 7 SYSTEMPATH\View\View.php(216): CodeIgniter\View\View->CodeIgniter\View\{closure}()
 8 SYSTEMPATH\Common.php(1177): CodeIgniter\View\View->render('layoutLogado', [], true)
 9 APPPATH\Controllers\Cadastros.php(137): view('layoutLogado', [...])
10 SYSTEMPATH\CodeIgniter.php(934): App\Controllers\Cadastros->dadosClassificatorios('23', '16', '2472')
11 SYSTEMPATH\CodeIgniter.php(499): CodeIgniter\CodeIgniter->runController(Object(App\Controllers\Cadastros))
12 SYSTEMPATH\CodeIgniter.php(368): CodeIgniter\CodeIgniter->handleRequest(null, Object(Config\Cache), false)
13 FCPATH\index.php(67): CodeIgniter\CodeIgniter->run()
CRITICAL - 2026-04-13 08:11:19 --> syntax error, unexpected token "endif", expecting end of file
in APPPATH\Views\pages\FormularioClassificatorio_view.php on line 164.
 1 SYSTEMPATH\View\View.php(216): CodeIgniter\View\View->CodeIgniter\View\{closure}()
 2 SYSTEMPATH\Common.php(1177): CodeIgniter\View\View->render('/pages/FormularioClassificatorio_view', [], true)
 3 APPPATH\Views\layoutLogado.php(3): view('/pages/FormularioClassificatorio_view')
 4 SYSTEMPATH\View\View.php(213): include('APPPATH\\Views\\layoutLogado.php')
 5 SYSTEMPATH\View\View.php(216): CodeIgniter\View\View->CodeIgniter\View\{closure}()
 6 SYSTEMPATH\Common.php(1177): CodeIgniter\View\View->render('layoutLogado', [], true)
 7 APPPATH\Controllers\Cadastros.php(137): view('layoutLogado', [...])
 8 SYSTEMPATH\CodeIgniter.php(934): App\Controllers\Cadastros->dadosClassificatorios('23', '16', '2472')
 9 SYSTEMPATH\CodeIgniter.php(499): CodeIgniter\CodeIgniter->runController(Object(App\Controllers\Cadastros))
10 SYSTEMPATH\CodeIgniter.php(368): CodeIgniter\CodeIgniter->handleRequest(null, Object(Config\Cache), false)
11 FCPATH\index.php(67): CodeIgniter\CodeIgniter->run()
CRITICAL - 2026-04-13 08:14:35 --> Call to undefined method App\Services\PdfService::getDompdf()
in APPPATH\Controllers\Cadastros.php on line 235.
 1 SYSTEMPATH\CodeIgniter.php(934): App\Controllers\Cadastros->gerarComprovante('2472', '16', '23')
 2 SYSTEMPATH\CodeIgniter.php(499): CodeIgniter\CodeIgniter->runController(Object(App\Controllers\Cadastros))
 3 SYSTEMPATH\CodeIgniter.php(368): CodeIgniter\CodeIgniter->handleRequest(null, Object(Config\Cache), false)
 4 FCPATH\index.php(67): CodeIgniter\CodeIgniter->run()
CRITICAL - 2026-04-13 08:18:11 --> Arquivo inválido: pdfs/comprovante.php
in SYSTEMPATH\Exceptions\FrameworkException.php on line 33.
 1 SYSTEMPATH\View\View.php(201): CodeIgniter\Exceptions\FrameworkException::forInvalidFile('pdfs/comprovante.php')
 2 SYSTEMPATH\Common.php(1177): CodeIgniter\View\View->render('pdfs/comprovante', [], true)
 3 APPPATH\Services\PdfService.php(19): view('pdfs/comprovante', [...])
 4 APPPATH\Controllers\Cadastros.php(235): App\Services\PdfService->gerarComprovante([...])
 5 SYSTEMPATH\CodeIgniter.php(934): App\Controllers\Cadastros->gerarComprovante('2472', '16', '23')
 6 SYSTEMPATH\CodeIgniter.php(499): CodeIgniter\CodeIgniter->runController(Object(App\Controllers\Cadastros))
 7 SYSTEMPATH\CodeIgniter.php(368): CodeIgniter\CodeIgniter->handleRequest(null, Object(Config\Cache), false)
 8 FCPATH\index.php(67): CodeIgniter\CodeIgniter->run()
CRITICAL - 2026-04-13 08:18:41 --> Uncaught ValueError: realpath(): Argument #1 ($path) must not contain any null bytes in C:\laragon\www\servicos\procseletivos\system\Common.php:93
Stack trace:
#0 C:\laragon\www\servicos\procseletivos\system\Common.php(93): realpath('%PDF-1.7\n1 0 ob...')
#1 C:\laragon\www\servicos\procseletivos\system\Debug\Exceptions.php(524): clean_path('%PDF-1.7\n1 0 ob...')
#2 [internal function]: CodeIgniter\Debug\Exceptions::CodeIgniter\Debug\{closure}('%PDF-1.7\n1 0 ob...')
#3 C:\laragon\www\servicos\procseletivos\system\Debug\Exceptions.php(509): array_map(Object(Closure), Array)
#4 C:\laragon\www\servicos\procseletivos\system\Debug\Exceptions.php(123): CodeIgniter\Debug\Exceptions::renderBacktrace(Array)
#5 [internal function]: CodeIgniter\Debug\Exceptions->exceptionHandler(Object(Error))
#6 {main}
  thrown
in SYSTEMPATH\Common.php on line 93.
 1 [internal function]: CodeIgniter\Debug\Exceptions->shutdownHandler()
CRITICAL - 2026-04-13 08:19:19 --> Arquivo inválido: impressos.php
in SYSTEMPATH\Exceptions\FrameworkException.php on line 33.
 1 SYSTEMPATH\View\View.php(201): CodeIgniter\Exceptions\FrameworkException::forInvalidFile('impressos.php')
 2 SYSTEMPATH\Common.php(1177): CodeIgniter\View\View->render('impressos', [], true)
 3 APPPATH\Services\PdfService.php(19): view('impressos', [...])
 4 APPPATH\Controllers\Cadastros.php(235): App\Services\PdfService->gerarComprovante([...])
 5 SYSTEMPATH\CodeIgniter.php(934): App\Controllers\Cadastros->gerarComprovante('2472', '16', '23')
 6 SYSTEMPATH\CodeIgniter.php(499): CodeIgniter\CodeIgniter->runController(Object(App\Controllers\Cadastros))
 7 SYSTEMPATH\CodeIgniter.php(368): CodeIgniter\CodeIgniter->handleRequest(null, Object(Config\Cache), false)
 8 FCPATH\index.php(67): CodeIgniter\CodeIgniter->run()
CRITICAL - 2026-04-13 08:19:45 --> Arquivo inválido: impressos/comprovante_view.php
in SYSTEMPATH\Exceptions\FrameworkException.php on line 33.
 1 SYSTEMPATH\View\View.php(201): CodeIgniter\Exceptions\FrameworkException::forInvalidFile('impressos/comprovante_view.php')
 2 SYSTEMPATH\Common.php(1177): CodeIgniter\View\View->render('impressos/comprovante_view', [], true)
 3 APPPATH\Services\PdfService.php(19): view('impressos/comprovante_view', [...])
 4 APPPATH\Controllers\Cadastros.php(235): App\Services\PdfService->gerarComprovante([...])
 5 SYSTEMPATH\CodeIgniter.php(934): App\Controllers\Cadastros->gerarComprovante('2472', '16', '23')
 6 SYSTEMPATH\CodeIgniter.php(499): CodeIgniter\CodeIgniter->runController(Object(App\Controllers\Cadastros))
 7 SYSTEMPATH\CodeIgniter.php(368): CodeIgniter\CodeIgniter->handleRequest(null, Object(Config\Cache), false)
 8 FCPATH\index.php(67): CodeIgniter\CodeIgniter->run()
CRITICAL - 2026-04-13 08:19:54 --> Uncaught ValueError: realpath(): Argument #1 ($path) must not contain any null bytes in C:\laragon\www\servicos\procseletivos\system\Common.php:93
Stack trace:
#0 C:\laragon\www\servicos\procseletivos\system\Common.php(93): realpath('%PDF-1.7\n1 0 ob...')
#1 C:\laragon\www\servicos\procseletivos\system\Debug\Exceptions.php(524): clean_path('%PDF-1.7\n1 0 ob...')
#2 [internal function]: CodeIgniter\Debug\Exceptions::CodeIgniter\Debug\{closure}('%PDF-1.7\n1 0 ob...')
#3 C:\laragon\www\servicos\procseletivos\system\Debug\Exceptions.php(509): array_map(Object(Closure), Array)
#4 C:\laragon\www\servicos\procseletivos\system\Debug\Exceptions.php(123): CodeIgniter\Debug\Exceptions::renderBacktrace(Array)
#5 [internal function]: CodeIgniter\Debug\Exceptions->exceptionHandler(Object(Error))
#6 {main}
  thrown
in SYSTEMPATH\Common.php on line 93.
 1 [internal function]: CodeIgniter\Debug\Exceptions->shutdownHandler()
CRITICAL - 2026-04-13 08:24:47 --> Call to undefined function App\Controllers\imprimir()
in APPPATH\Controllers\Cadastros.php on line 235.
 1 SYSTEMPATH\CodeIgniter.php(934): App\Controllers\Cadastros->gerarComprovante('2472', '16', '23')
 2 SYSTEMPATH\CodeIgniter.php(499): CodeIgniter\CodeIgniter->runController(Object(App\Controllers\Cadastros))
 3 SYSTEMPATH\CodeIgniter.php(368): CodeIgniter\CodeIgniter->handleRequest(null, Object(Config\Cache), false)
 4 FCPATH\index.php(67): CodeIgniter\CodeIgniter->run()
CRITICAL - 2026-04-13 08:29:17 --> Class "App\Controllers\Dompdf" not found
in APPPATH\Controllers\Cadastros.php on line 267.
 1 SYSTEMPATH\CodeIgniter.php(934): App\Controllers\Cadastros->gerarComprovante('2472', '16', '23')
 2 SYSTEMPATH\CodeIgniter.php(499): CodeIgniter\CodeIgniter->runController(Object(App\Controllers\Cadastros))
 3 SYSTEMPATH\CodeIgniter.php(368): CodeIgniter\CodeIgniter->handleRequest(null, Object(Config\Cache), false)
 4 FCPATH\index.php(67): CodeIgniter\CodeIgniter->run()
CRITICAL - 2026-04-13 08:29:38 --> Call to undefined function App\Controllers\imprimir()
in APPPATH\Controllers\Cadastros.php on line 284.
 1 SYSTEMPATH\CodeIgniter.php(934): App\Controllers\Cadastros->gerarComprovante('2472', '16', '23')
 2 SYSTEMPATH\CodeIgniter.php(499): CodeIgniter\CodeIgniter->runController(Object(App\Controllers\Cadastros))
 3 SYSTEMPATH\CodeIgniter.php(368): CodeIgniter\CodeIgniter->handleRequest(null, Object(Config\Cache), false)
 4 FCPATH\index.php(67): CodeIgniter\CodeIgniter->run()
