CRITICAL - 2026-05-26 10:09:09 --> Uncaught CodeIgniter\Exceptions\PageNotFoundException: Can't find a route for 'get: external/img/materiais.png'. in C:\laragon\www\servicos\procseletivos\adm\system\CodeIgniter.php:993
Stack trace:
#0 C:\laragon\www\servicos\procseletivos\adm\system\CodeIgniter.php(993): CodeIgniter\Exceptions\PageNotFoundException::forPageNotFound('Can't find a ro...')
#1 C:\laragon\www\servicos\procseletivos\adm\system\CodeIgniter.php(387): CodeIgniter\CodeIgniter->display404errors(Object(CodeIgniter\Exceptions\PageNotFoundException))
#2 C:\laragon\www\servicos\procseletivos\adm\index.php(67): CodeIgniter\CodeIgniter->run()
#3 {main}
  thrown
in SYSTEMPATH\CodeIgniter.php on line 993.
 1 [internal function]: CodeIgniter\Debug\Exceptions->shutdownHandler()
CRITICAL - 2026-05-26 10:09:09 --> Uncaught CodeIgniter\Exceptions\PageNotFoundException: Can't find a route for 'get: external/img/bg-login.jpg'. in C:\laragon\www\servicos\procseletivos\adm\system\CodeIgniter.php:993
Stack trace:
#0 C:\laragon\www\servicos\procseletivos\adm\system\CodeIgniter.php(993): CodeIgniter\Exceptions\PageNotFoundException::forPageNotFound('Can't find a ro...')
#1 C:\laragon\www\servicos\procseletivos\adm\system\CodeIgniter.php(387): CodeIgniter\CodeIgniter->display404errors(Object(CodeIgniter\Exceptions\PageNotFoundException))
#2 C:\laragon\www\servicos\procseletivos\adm\index.php(67): CodeIgniter\CodeIgniter->run()
#3 {main}
  thrown
in SYSTEMPATH\CodeIgniter.php on line 993.
 1 [internal function]: CodeIgniter\Debug\Exceptions->shutdownHandler()
CRITICAL - 2026-05-26 10:18:01 --> Uncaught Error: Call to undefined function upper() in C:\laragon\www\servicos\procseletivos\adm\app\Views\pages\candidatos\dadosCandidato_view.php:42
Stack trace:
#0 C:\laragon\www\servicos\procseletivos\adm\system\View\View.php(213): include()
#1 C:\laragon\www\servicos\procseletivos\adm\system\View\View.php(216): CodeIgniter\View\View->CodeIgniter\View\{closure}()
#2 C:\laragon\www\servicos\procseletivos\adm\system\Common.php(1177): CodeIgniter\View\View->render('pages/candidato...', Array, true)
#3 C:\laragon\www\servicos\procseletivos\adm\app\Views\layoutDash.php(5): view('pages/candidato...')
#4 C:\laragon\www\servicos\procseletivos\adm\system\View\View.php(213): include('C:\\laragon\\www\\...')
#5 C:\laragon\www\servicos\procseletivos\adm\system\View\View.php(216): CodeIgniter\View\View->CodeIgniter\View\{closure}()
#6 C:\laragon\www\servicos\procseletivos\adm\system\Common.php(1177): CodeIgniter\View\View->render('layoutDash', Array, true)
#7 C:\laragon\www\servicos\procseletivos\adm\app\Controllers\Candidatos.php(307): view('layoutDash', Array)
#8 C:\laragon\www\servicos\procseletivos\adm\system\CodeIgniter.php(934): App\Controllers\Candidatos->exibirDados('23', '16', '2915')
#9 C:\laragon\www\servicos\procseletivos\adm\system\CodeIgniter.php(499): CodeIgniter\CodeIgniter->runController(Object(App\Controllers\Candidatos))
#10 C:\laragon\www\servicos\procseletivos\adm\system\CodeIgniter.php(368): CodeIgniter\CodeIgniter->handleRequest(NULL, Object(Config\Cache), false)
#11 C:\laragon\www\servicos\procseletivos\adm\index.php(67): CodeIgniter\CodeIgniter->run()
#12 {main}
  thrown
in APPPATH\Views\pages\candidatos\dadosCandidato_view.php on line 42.
 1 [internal function]: CodeIgniter\Debug\Exceptions->shutdownHandler()
CRITICAL - 2026-05-26 10:18:15 --> Uncaught Error: Call to undefined function upperCase() in C:\laragon\www\servicos\procseletivos\adm\app\Views\pages\candidatos\dadosCandidato_view.php:42
Stack trace:
#0 C:\laragon\www\servicos\procseletivos\adm\system\View\View.php(213): include()
#1 C:\laragon\www\servicos\procseletivos\adm\system\View\View.php(216): CodeIgniter\View\View->CodeIgniter\View\{closure}()
#2 C:\laragon\www\servicos\procseletivos\adm\system\Common.php(1177): CodeIgniter\View\View->render('pages/candidato...', Array, true)
#3 C:\laragon\www\servicos\procseletivos\adm\app\Views\layoutDash.php(5): view('pages/candidato...')
#4 C:\laragon\www\servicos\procseletivos\adm\system\View\View.php(213): include('C:\\laragon\\www\\...')
#5 C:\laragon\www\servicos\procseletivos\adm\system\View\View.php(216): CodeIgniter\View\View->CodeIgniter\View\{closure}()
#6 C:\laragon\www\servicos\procseletivos\adm\system\Common.php(1177): CodeIgniter\View\View->render('layoutDash', Array, true)
#7 C:\laragon\www\servicos\procseletivos\adm\app\Controllers\Candidatos.php(307): view('layoutDash', Array)
#8 C:\laragon\www\servicos\procseletivos\adm\system\CodeIgniter.php(934): App\Controllers\Candidatos->exibirDados('23', '16', '2915')
#9 C:\laragon\www\servicos\procseletivos\adm\system\CodeIgniter.php(499): CodeIgniter\CodeIgniter->runController(Object(App\Controllers\Candidatos))
#10 C:\laragon\www\servicos\procseletivos\adm\system\CodeIgniter.php(368): CodeIgniter\CodeIgniter->handleRequest(NULL, Object(Config\Cache), false)
#11 C:\laragon\www\servicos\procseletivos\adm\index.php(67): CodeIgniter\CodeIgniter->run()
#12 {main}
  thrown
in APPPATH\Views\pages\candidatos\dadosCandidato_view.php on line 42.
 1 [internal function]: CodeIgniter\Debug\Exceptions->shutdownHandler()
